Submitted on Tue Nov 19 10:00:13 PST 2024
JOB PARAMETERS
SLURM_JOB_ID          : 35224
SLURM_JOB_NAME        : cueva_lstm_svm_1_9_training_job
SLURM_JOB_NUM_NODES   : 1
SLURM_JOB_NODELIST    : saliksik-cpu-20
SLURM_NTASKS          : 12
SLURM_NTASKS_PER_NODE : 
SLURM_MEM_PER_NODE    : 204800
TMPDIR                : /tmp/michael.cueva/SLURM_JOB_ID/35224
Module load: anaconda/3-2023.07-2
Python 3.12.3
..........................................................................................................................................................................................................................................................................................................................................................................................................................................................................................................................................................................................................................................................*...................................................................................................................................................................................................................................................................................................................................................................................................................................................................*..........*
optimization finished, #iter = 1095552
obj = -1637877.565043, rho = 0.944759
nSV = 99602, nBSV = 87839
Total nSV = 99602
...............................................................................................................................................................................................................................................................................................................................................................................................................................................................................................................................................................................................................................................................*...................................................................................................................................................................................................................................................................................................................................................................................................................................................*...........*
optimization finished, #iter = 1084983
obj = -1632198.321559, rho = 1.068437
nSV = 99300, nBSV = 87710
Total nSV = 99300
........................................................................................................................................................................................................................................................................................................................................................................................................................................................................................................................................................................................................................................................*.............................................................................................................................................................................................................................................................................................................................................................................................................................................................*..............*
optimization finished, #iter = 1091170
obj = -1633666.623599, rho = 1.036479
nSV = 99307, nBSV = 87526
Total nSV = 99307
.................................