Submitted on Mon Oct 21 20:37:11 PST 2024
JOB PARAMETERS
SLURM_JOB_ID          : 30711
SLURM_JOB_NAME        : cueva_lstm_svm_tuning_job
SLURM_JOB_NUM_NODES   : 1
SLURM_JOB_NODELIST    : saliksik-cpu-27
SLURM_NTASKS          : 12
SLURM_NTASKS_PER_NODE : 
SLURM_MEM_PER_NODE    : 
TMPDIR                : /tmp/michael.cueva/SLURM_JOB_ID/30711
Module load: anaconda/3-2023.07-2
Python 3.12.3
............................................
Warning: using -h 0 may be faster
*.
Warning: using -h 0 may be faster
*
optimization finished, #iter = 45215
obj = -56618.772919, rho = 1.776833
nSV = 57575, nBSV = 57505
Total nSV = 57575
............................................
Warning: using -h 0 may be faster
*.
Warning: using -h 0 may be faster
*
optimization finished, #iter = 45401
obj = -56955.818450, rho = 1.871341
nSV = 57912, nBSV = 57852
Total nSV = 57912
..........................................
Warning: using -h 0 may be faster
*..
Warning: using -h 0 may be faster
*
optimization finished, #iter = 44735
obj = -56507.207675, rho = 1.657646
nSV = 57463, nBSV = 57396
Total nSV = 57463
...........................................
Warning: using -h 0 may be faster
*.
Warning: using -h 0 may be faster
*
optimization finished, #iter = 44916
obj = -56718.157561, rho = 1.900723
nSV = 57680, nBSV = 57616
Total nSV = 57680
...........................................
Warning: using -h 0 may be faster
*.
Warning: using -h 0 may be faster
*
optimization finished, #iter = 44956
obj = -56761.877478, rho = 1.862493
nSV = 57722, nBSV = 57659
Total nSV = 57722
...............................................
Warning: using -h 0 may be faster
*..
Warning: using -h 0 may be faster
*...
Warning: using -h 0 may be faster
*
optimization finished, #iter = 51138
obj = -70643.702627, rho = -1.756301
nSV = 71761, nBSV = 71694
Total nSV = 71761
..........................................
Warning: using -h 0 may be faster
*.
Warning: using -h 0 may be faster
*
optimization finished, #iter = 42836
obj = -56614.731139, rho = 2.195234
nSV = 57514, nBSV = 57463
Total nSV = 57514
.........................................
Warning: using -h 0 may be faster
*.
Warning: using -h 0 may be faster
*.
Warning: using -h 0 may be faster
*
optimization finished, #iter = 42749
obj = -56630.644395, rho = 2.593912
nSV = 57526, nBSV = 57465
Total nSV = 57526
.........................................
Warning: using -h 0 may be faster
*.
Warning: using -h 0 may be faster
*.
Warning: using -h 0 may be faster
*
optimization finished, #iter = 42366
obj = -56630.198106, rho = 2.544144
nSV = 57542, nBSV = 57478
Total nSV = 57542
.........................................
Warning: using -h 0 may be faster
*.
Warning: using -h 0 may be faster
*
optimization finished, #iter = 42539
obj = -56650.437810, rho = 2.365271
nSV = 57555, nBSV = 57494
Total nSV = 57555
.........................................
Warning: using -h 0 may be faster
*.
Warning: using -h 0 may be faster
*
optimization finished, #iter = 42463
obj = -56536.887913, rho = 2.400055
nSV = 57456, nBSV = 57402
Total nSV = 57456
..............................................
Warning: using -h 0 may be faster
*.
Warning: using -h 0 may be faster
*
optimization finished, #iter = 47899
obj = -70531.771434, rho = -2.286852
nSV = 71600, nBSV = 71534
Total nSV = 71600
...........................................
Warning: using -h 0 may be faster
*..
Warning: using -h 0 may be faster
*.
Warning: using -h 0 may be faster
*
optimization finished, #iter = 45202
obj = -56947.445685, rho = 1.516110
nSV = 57898, nBSV = 57838
Total nSV = 57898
..............