Submitted on Thu Nov 14 10:37:08 PST 2024
JOB PARAMETERS
SLURM_JOB_ID          : 34724
SLURM_JOB_NAME        : cueva_lstm_svm_training_job
SLURM_JOB_NUM_NODES   : 1
SLURM_JOB_NODELIST    : saliksik-cpu-16
SLURM_NTASKS          : 12
SLURM_NTASKS_PER_NODE : 
SLURM_MEM_PER_NODE    : 204800
TMPDIR                : /tmp/michael.cueva/SLURM_JOB_ID/34724
Module load: anaconda/3-2023.07-2
Python 3.12.3
.............................................................................................................................................................................................................................................................................................................................................................................................................................................................................................................................................................................................*.................................................................................................................................................................................................................................................................................................................................................................................................................*...........*
optimization finished, #iter = 985480
obj = -1159750.974438, rho = 0.441545
nSV = 80100, nBSV = 67054
Total nSV = 80100
............................................................................................................................................................................................................................................................................................................................................................................................................................................................................................................................................................................................*.....................................................................................................................................................................................................................................................................................................................................................................................................................................*.....*
optimization finished, #iter = 998749
obj = -1162467.650530, rho = 0.476052
nSV = 80212, nBSV = 67122
Total nSV = 80212
...................................................................................................................................................................................................................................................................................................................................................................................................................................................................................................................................................................................................*....................................................................................................................................................................................................................................................................................................................................................................................................................*........*
optimization finished, #iter = 990565
obj = -1157372.238747, rho = 0.515235
nSV = 79961, nBSV = 66986
Total nSV = 79961
....................................................................................................................................................................................................................................................................................................................................................................................................................................................................................................................................................................................................*...........................................................................................................................................................................................................................................................................................................................................................................................................................*..................*
optimization finished, #iter = 1008295
obj = -1165133.484110, rho = 0.535244
nSV = 80465, nBSV = 67389
Total nSV = 80465
...................................................................................................................................................................................................................................................................................................................................................................................................................................................................................................................................................................................................................*..................................................................................................................................................................................................................................................................................................................................................................................................................*.....*
optimization finished, #iter = 1001994
obj = -1164865.060635, rho = 0.526667
nSV = 80433, nBSV = 67387
Total nSV = 80433
...............................................................................................................................................................................................................................................................................................................................................................................................................................................................................................................................................................................................................................................................................................................*.......................................................................................................................................................................................................................................................................................................................................................................................................................................................................................................................................*..................*
optimization finished, #iter = 1224235
obj = -1454663.876564, rho = -0.477607
nSV = 99414, nBSV = 83590
Total nSV = 99414
False
subjects features, labels, names and subject to id lookup loaded
<class 'int'>
<class 'float'>
<class 'bool'>
{'C': 10, 'gamma': 0.1, 'probability': True, 'class_weight': {0: 1, 1: 5}}
Index(['HOF_2', 'HOF_5', 'HOF_7', 'HOF_9', 'HOF_10', 'HOF_12', 'HOF_13',
       'HOF_17', 'HOF_18', 'HOF_19', 'HOF_20', 'HOF_21', 'HOF_22', 'HOF_26',
       'HOF_32', 'raw_128hz_std', 'raw_128hz_range',
       'raw_128hz_shannon_entropy', 'raw_128hz_1d_shannon_entropy',
       'filt_128hz_min', 'filt_128hz_1d_range', 'filt_128hz_1d_max_abs',
       'ar_coeff_1_128hz', 'ar_coeff_2_128hz', 'raw_128hz_skewness',
       'raw_128hz_kurt', 'third_16thofa_sec_max', 'first_16thofa_sec_mean',
       'second_16thofa_sec_mean', 'third_16thofa_sec_std',
       'first_16thofa_sec_median', 'second_16thofa_sec_median',
       'third_16thofa_sec_range', 'second_32thofa_sec_max',
       'first_32thofa_sec_mean', 'second_32thofa_sec_mean',
       'first_32thofa_sec_std', 'second_32thofa_sec_std',
       'first_32thofa_sec_median', 'second_32thofa_sec_median',
       'first_32thofa_sec_range', 'raw_16hz_min', 'raw_16hz_range',
       'raw_16hz_2d_avg_abs', 'filt_16hz_max', 'filt_16hz_min',
       'ar_coeff_1_16hz', 'ar_coeff_2_16hz', 'ar_err_var_16hz',
       'third_2thofa_sec_mean', 'first_2thofa_sec_std',
       'second_2thofa_sec_std', 'third_2thofa_sec_std',
       'first_2thofa_sec_range', 'second_2thofa_sec_range',
       'third_2thofa_sec_range', 'first_4thofa_sec_max',
       'second_4thofa_sec_std', 'first_4thofa_sec_range',
       'second_4thofa_sec_range'],
      dtype='object')
Index(['0'], dtype='object')
[LibSVM]svm score: 0.9171005572241543
Finished on Sat Nov 16 08:49:43 PST 2024
Total runtime (sec): 166354.84457039833
