Submitted on Tue Nov 19 10:00:09 PST 2024
JOB PARAMETERS
SLURM_JOB_ID          : 35223
SLURM_JOB_NAME        : cueva_lstm_svm_1_2_training_job
SLURM_JOB_NUM_NODES   : 1
SLURM_JOB_NODELIST    : saliksik-cpu-32
SLURM_NTASKS          : 12
SLURM_NTASKS_PER_NODE : 
SLURM_MEM_PER_NODE    : 204800
TMPDIR                : /tmp/michael.cueva/SLURM_JOB_ID/35223
Module load: anaconda/3-2023.07-2
Python 3.12.3
............................................................................................................................................................................................................................................................................................................................................................................................................................*....................................................................................................................................................................................................................................................................................................................*.....*
optimization finished, #iter = 724019
obj = -831968.262066, rho = 0.455120
nSV = 63755, nBSV = 55093
Total nSV = 63755
.............................................................................................................................................................................................................................................................................................................................................................................................................................*...............................................................................................................................................................................................................................................................................................................*......................*
optimization finished, #iter = 738090
obj = -831919.452793, rho = 0.353346
nSV = 63848, nBSV = 54994
Total nSV = 63848
............................................................................................................................................................................................................................................................................................................................................................................................................................*..........................................................................................................................................................................................................................................................................................................................*...*
optimization finished, #iter = 728956
obj = -829818.136126, rho = 0.459100
nSV = 63579, nBSV = 54769
Total nSV = 63579
......................................................................................................................................................................................................................................................................................................................................................................................................................*..................................................................................................................................................................................................................................................................................................................*.....*
optimization finished, #iter = 716739
obj = -830802.408795, rho = 0.431052
nSV = 63686, nBSV = 54834
Total nSV = 63686
...............................................