Submitted on Tue Nov 12 12:45:17 PST 2024
JOB PARAMETERS
SLURM_JOB_ID          : 34195
SLURM_JOB_NAME        : hossain_svm_training_job
SLURM_JOB_NUM_NODES   : 1
SLURM_JOB_NODELIST    : saliksik-cpu-36
SLURM_NTASKS          : 12
SLURM_NTASKS_PER_NODE : 
SLURM_MEM_PER_NODE    : 24576
TMPDIR                : /tmp/michael.cueva/SLURM_JOB_ID/34195
Module load: anaconda/3-2023.07-2
Python 3.12.3
.......................................................................................................................................................................................................................................................................................................................................................................................................................................................................................................................................................................................................*......................................................................................................................................................................................................................................................................................................................................................................................................*.......................................*..*
optimization finished, #iter = 1013048
obj = -1422282.528480, rho = -0.478009
nSV = 95621, nBSV = 79733
Total nSV = 95621
............................................................................................................................................................................................................................................................................................................................................................................................................................................................................................................................................................................................................*.....................................................................................................................................................................................................................................................................................................................................................................................................................*..............................*
optimization finished, #iter = 1022798
obj = -1415910.489252, rho = -0.468068
nSV = 95330, nBSV = 79310
Total nSV = 95330
...............................................................................................................................................................................................................................................................................................................................................................................................................................................................................................................................................................................................*...............................................................................................................................................................................................................................................................................................................................................................................................................................*...........................................................................*................*
optimization finished, #iter = 1080207
obj = -1409575.062216, rho = -0.463170
nSV = 94915, nBSV = 78915
Total nSV = 94915
...................................................................................................................................................................................................................................................................................................................................................................................................................................................................................................................................................................................*...................................................................................................................................................................................................................................................................................................................................................................................................................................................*..........................................*
optimization finished, #iter = 1040346
obj = -1416691.592187, rho = -0.455231
nSV = 95314, nBSV = 79518
Total nSV = 95314
.....................................................................................................................................................................................................................................................................................................................................................................................................................................................................................................................................................................................*.....................................................................................................................................................................................................................................................................................................................................................................................................................................*.......................................................................................*
optimization finished, #iter = 1072679
obj = -1415021.099187, rho = -0.479950
nSV = 95224, nBSV = 79294
Total nSV = 95224
..............................................................................................................................................................................................................................................................................................................................................................................................................................................................................................................................................................................................................................................................................................................*..........................................................................................................................................................................................................................................................................................................................................................................................................................................................................................................................................................*..............................................................................*
optimization finished, #iter = 1302095
obj = -1773559.167887, rho = 0.502928
nSV = 118611, nBSV = 99564
Total nSV = 118611
False
subjects features, labels, names and subject to id lookup loaded
<class 'int'>
<class 'float'>
<class 'bool'>
{'C': 10, 'gamma': 0.1, 'probability': True, 'class_weight': {0: 1, 1: 5}}
Index(['raw_128hz_max', 'raw_128hz_min', 'raw_128hz_amp', 'raw_128hz_median',
       'raw_128hz_std', 'raw_128hz_range', 'raw_128hz_shannon_entropy',
       'raw_128hz_1d_max', 'raw_128hz_1d_min', 'raw_128hz_1d_amp',
       'raw_128hz_1d_std', 'raw_128hz_1d_range',
       'raw_128hz_1d_shannon_entropy', 'filt_128hz_max', 'filt_128hz_min',
       'filt_128hz_amp', 'filt_128hz_median', 'filt_128hz_std',
       'filt_128hz_range', 'filt_128hz_1d_max', 'filt_128hz_1d_min',
       'filt_128hz_1d_amp', 'filt_128hz_1d_std', 'filt_128hz_1d_range',
       'ar_coeff_1_128hz', 'ar_coeff_2_128hz', 'ar_err_var_128hz',
       'vfcdm_4/8_128hz_mean', 'first_16thofa_sec_mean',
       'second_16thofa_sec_mean', 'third_16thofa_sec_mean',
       'first_16thofa_sec_std', 'second_16thofa_sec_std',
       'third_16thofa_sec_std', 'third_16thofa_sec_median',
       'third_16thofa_sec_range', 'first_32thofa_sec_mean',
       'second_32thofa_sec_mean', 'first_32thofa_sec_std',
       'second_32thofa_sec_std'],
      dtype='object')
Index(['0'], dtype='object')
[LibSVM]svm score: 0.9185366564065096
Finished on Thu Nov 14 16:22:35 PST 2024
Total runtime (sec): 185837.47522449493
