Submitted on Thu Oct 17 16:25:55 PST 2024
JOB PARAMETERS
SLURM_JOB_ID          : 30333
SLURM_JOB_NAME        : hossain_svm_tuning_job
SLURM_JOB_NUM_NODES   : 1
SLURM_JOB_NODELIST    : saliksik-cpu-12
SLURM_NTASKS          : 12
SLURM_NTASKS_PER_NODE : 
SLURM_MEM_PER_NODE    : 
TMPDIR                : /tmp/michael.cueva/SLURM_JOB_ID/30333
Module unload: anaconda/3-2023.07-2
/var/spool/slurm/job30333/slurm_script: line 5: conda: command not found
/var/spool/slurm/job30333/slurm_script: line 5: conda: command not found
Module load: anaconda/3-2023.07-2
Python 3.12.3
........slurmstepd: error: *** JOB 30333 ON saliksik-cpu-12 CANCELLED AT 2024-10-17T16:32:54 ***
.........................
Warning: using -h 0 may be faster
*..
Warning: using -h 0 may be faster
*.
Warning: using -h 0 may be faster
*
optimization finished, #iter = 46995
obj = -54362.312223, rho = -2.489047
nSV = 55478, nBSV = 55369
Total nSV = 55478
............................................
Warning: using -h 0 may be faster
*..
Warning: using -h 0 may be faster
*.
Warning: using -h 0 may be faster
*
optimization finished, #iter = 46113
obj = -54270.789009, rho = -2.153574
nSV = 55414, nBSV = 55302
Total nSV = 55414
............................................
Warning: using -h 0 may be faster
*..
Warning: using -h 0 may be faster
*.
Warning: using -h 0 may be faster
*
optimization finished, #iter = 47006
obj = -54013.040231, rho = -2.590695
nSV = 55127, nBSV = 55029
Total nSV = 55127
............