Submitted on Fri Oct  4 16:51:46 PST 2024
JOB PARAMETERS
SLURM_JOB_ID          : 28228
SLURM_JOB_NAME        : hossain_lr_training_job
SLURM_JOB_NUM_NODES   : 1
SLURM_JOB_NODELIST    : saliksik-cpu-22
SLURM_NTASKS          : 70
SLURM_NTASKS_PER_NODE : 
SLURM_MEM_PER_NODE    : 
TMPDIR                : /tmp/michael.cueva/SLURM_JOB_ID/28228
Module load: anaconda/3-2023.07-2
Python 3.12.3
/scratch1/michael.cueva/thesis-writing-1/server-side/modelling
subjects features and labels and subject to id lookup loaded
        raw_128hz_max  raw_128hz_min  ...  second_32thofa_sec_range  subject_id
0            0.013986       0.000000  ...                  0.004762           0
1            0.006882       0.000666  ...                  0.001332           0
2            0.006438       0.003330  ...                  0.001554           0
3            0.009546       0.005106  ...                  0.000888           0
4            0.008214       0.001554  ...                  0.000888           0
...               ...            ...  ...                       ...         ...
405122       0.000222       0.000222  ...                  0.000000          32
405123       0.000222       0.000222  ...                  0.000000          32
405124       0.000222       0.000222  ...                  0.000000          32
405125       0.000222       0.000222  ...                  0.000000          32
405126       0.000222       0.000222  ...                  0.000000          32

[405127 rows x 74 columns]
          0  subject_id
0       0.0           0
1       0.0           0
2       0.0           0
3       0.0           0
4       0.0           0
...     ...         ...
405122  0.0          32
405123  0.0          32
405124  0.0          32
405125  0.0          32
405126  0.0          32

[405127 rows x 2 columns]
Index(['raw_128hz_max', 'raw_128hz_min', 'raw_128hz_amp', 'raw_128hz_median',
       'raw_128hz_std', 'raw_128hz_range', 'raw_128hz_shannon_entropy',
       'raw_128hz_1d_max', 'raw_128hz_1d_min', 'raw_128hz_1d_amp',
       'raw_128hz_1d_std', 'raw_128hz_1d_range',
       'raw_128hz_1d_shannon_entropy', 'filt_128hz_max', 'filt_128hz_min',
       'filt_128hz_amp', 'filt_128hz_median', 'filt_128hz_std',
       'filt_128hz_range', 'filt_128hz_1d_max', 'filt_128hz_1d_min',
       'filt_128hz_1d_amp', 'filt_128hz_1d_std', 'filt_128hz_1d_range',
       'ar_coeff_1_128hz', 'ar_coeff_2_128hz', 'ar_err_var_128hz',
       'vfcdm_4/8_128hz_std', 'first_16thofa_sec_mean',
       'second_16thofa_sec_mean', 'third_16thofa_sec_mean',
       'first_16thofa_sec_std', 'second_16thofa_sec_std',
       'third_16thofa_sec_std', 'third_16thofa_sec_median',
       'third_16thofa_sec_range', 'first_32thofa_sec_mean',
       'second_32thofa_sec_mean', 'first_32thofa_sec_std',
       'second_32thofa_sec_std'],
      dtype='object')
Index(['0'], dtype='object')
lr score: 0.9247174342860387
 This problem is unconstrained.
RUNNING THE L-BFGS-B CODE

           * * *

Machine precision = 2.220D-16
 N =           41     M =           10

At X0         0 variables are exactly at the bounds

At iterate    0    f=  6.93147D-01    |proj g|=  3.98666D-01

At iterate   50    f=  2.21770D-01    |proj g|=  5.74457D-04

           * * *

Tit   = total number of iterations
Tnf   = total number of function evaluations
Tnint = total number of segments explored during Cauchy searches
Skip  = number of BFGS updates skipped
Nact  = number of active bounds at final generalized Cauchy point
Projg = norm of the final projected gradient
F     = final function value

           * * *

   N    Tit     Tnf  Tnint  Skip  Nact     Projg        F
   41     76     81      1     0     0   9.711D-05   2.215D-01
  F =  0.22151823947684907     

CONVERGENCE: NORM_OF_PROJECTED_GRADIENT_<=_PGTOL            
Finished on Fri Oct  4 16:51:59 PST 2024
Total runtime (sec): 13.189369678497314
