Submitted on Mon Oct 21 08:06:19 PST 2024
JOB PARAMETERS
SLURM_JOB_ID          : 30589
SLURM_JOB_NAME        : taylor_svm_tuning_job
SLURM_JOB_NUM_NODES   : 1
SLURM_JOB_NODELIST    : saliksik-cpu-31
SLURM_NTASKS          : 64
SLURM_NTASKS_PER_NODE : 
SLURM_MEM_PER_NODE    : 102400
TMPDIR                : /tmp/michael.cueva/SLURM_JOB_ID/30589
Module load: anaconda/3-2023.07-2
Python 3.12.3
........................................................
Warning: using -h 0 may be faster
*.......
Warning: using -h 0 may be faster
*........
Warning: using -h 0 may be faster
*.
Warning: using -h 0 may be faster
*
optimization finished, #iter = 71340
obj = -60831.521945, rho = 0.532001
nSV = 61589, nBSV = 61558
Total nSV = 61589
.........................................................
Warning: using -h 0 may be faster
*.......
Warning: using -h 0 may be faster
*....
Warning: using -h 0 may be faster
*.
Warning: using -h 0 may be faster
*
optimization finished, #iter = 67980
obj = -60949.991915, rho = 0.292113
nSV = 61725, nBSV = 61696
Total nSV = 61725
............................................................
Warning: using -h 0 may be faster
*.......
Warning: using -h 0 may be faster
*.
Warning: using -h 0 may be faster
*
optimization finished, #iter = 68754
obj = -61237.573595, rho = 0.495249
nSV = 62020, nBSV = 61974
Total nSV = 62020
.......................................................
Warning: using -h 0 may be faster
*.....
Warning: using -h 0 may be faster
*......
Warning: using -h 0 may be faster
*..
Warning: using -h 0 may be faster
*
optimization finished, #iter = 67442
obj = -60649.920946, rho = 0.416738
nSV = 61399, nBSV = 61365
Total nSV = 61399
........................................................
Warning: using -h 0 may be faster
*......
Warning: using -h 0 may be faster
*......
Warning: using -h 0 may be faster
*....
Warning: using -h 0 may be faster
*
optimization finished, #iter = 71427
obj = -60835.989181, rho = 0.475569
nSV = 61589, nBSV = 61550
Total nSV = 61589
............................................................
Warning: using -h 0 may be faster
*......
Warning: using -h 0 may be faster
*........
Warning: using -h 0 may be faster
*
optimization finished, #iter = 74649
obj = -75915.999430, rho = -0.477950
nSV = 76896, nBSV = 76864
Total nSV = 76896
