Submitted on Thu Oct 17 16:25:36 PST 2024
JOB PARAMETERS
SLURM_JOB_ID          : 30331
SLURM_JOB_NAME        : taylor_rf_tuning_job
SLURM_JOB_NUM_NODES   : 1
SLURM_JOB_NODELIST    : saliksik-cpu-14
SLURM_NTASKS          : 64
SLURM_NTASKS_PER_NODE : 
SLURM_MEM_PER_NODE    : 102400
TMPDIR                : /tmp/michael.cueva/SLURM_JOB_ID/30331
Module unload: anaconda/3-2023.07-2
/var/spool/slurm/job30331/slurm_script: line 5: conda: command not found
/var/spool/slurm/job30331/slurm_script: line 5: conda: command not found
Module load: anaconda/3-2023.07-2
Python 3.12.3
slurmstepd: error: *** JOB 30331 ON saliksik-cpu-14 CANCELLED AT 2024-10-17T16:33:58 ***
[Parallel(n_jobs=1)]: Done  49 tasks      | elapsed:  2.5min
[Parallel(n_jobs=1)]: Done 199 tasks      | elapsed: 10.0min
[Parallel(n_jobs=1)]: Done  49 tasks      | elapsed:    4.7s
[Parallel(n_jobs=1)]: Done 199 tasks      | elapsed:   19.1s
[Parallel(n_jobs=1)]: Done  49 tasks      | elapsed:    0.1s
[Parallel(n_jobs=1)]: Done 199 tasks      | elapsed:    0.4s
[Parallel(n_jobs=1)]: Done  49 tasks      | elapsed:    4.7s
[Parallel(n_jobs=1)]: Done 199 tasks      | elapsed:   19.1s
[Parallel(n_jobs=1)]: Done  49 tasks      | elapsed:    0.1s
[Parallel(n_jobs=1)]: Done 199 tasks      | elapsed:    0.4s
[Parallel(n_jobs=1)]: Done  49 tasks      | elapsed:  2.5min
[Parallel(n_jobs=1)]: Done 199 tasks      | elapsed: 10.1min
[Parallel(n_jobs=1)]: Done  49 tasks      | elapsed:    4.6s
[Parallel(n_jobs=1)]: Done 199 tasks      | elapsed:   19.0s
[Parallel(n_jobs=1)]: Done  49 tasks      | elapsed:    0.1s
[Parallel(n_jobs=1)]: Done 199 tasks      | elapsed:    0.3s
[Parallel(n_jobs=1)]: Done  49 tasks      | elapsed:    4.6s
[Parallel(n_jobs=1)]: Done 199 tasks      | elapsed:   19.0s
[Parallel(n_jobs=1)]: Done  49 tasks      | elapsed:    0.1s
[Parallel(n_jobs=1)]: Done 199 tasks      | elapsed:    0.4s
[Parallel(n_jobs=1)]: Done  49 tasks      | elapsed:  2.5min
[Parallel(n_jobs=1)]: Done 199 tasks      | elapsed: 10.1min
[Parallel(n_jobs=1)]: Done  49 tasks      | elapsed:    4.5s
[Parallel(n_jobs=1)]: Done 199 tasks      | elapsed:   18.3s
[Parallel(n_jobs=1)]: Done  49 tasks      | elapsed:    0.1s
[Parallel(n_jobs=1)]: Done 199 tasks      | elapsed:    0.5s
[Parallel(n_jobs=1)]: Done  49 tasks      | elapsed:    4.5s
[Parallel(n_jobs=1)]: Done 199 tasks      | elapsed:   18.2s
[Parallel(n_jobs=1)]: Done  49 tasks      | elapsed:    0.1s
[Parallel(n_jobs=1)]: Done 199 tasks      | elapsed:    0.5s
[Parallel(n_jobs=1)]: Done  49 tasks      | elapsed:  2.5min
[Parallel(n_jobs=1)]: Done 199 tasks      | elapsed: 10.2min
[Parallel(n_jobs=1)]: Done  49 tasks      | elapsed:    4.6s
[Parallel(n_jobs=1)]: Done 199 tasks      | elapsed:   19.0s
[Parallel(n_jobs=1)]: Done  49 tasks      | elapsed:    0.1s
[Parallel(n_jobs=1)]: Done 199 tasks      | elapsed:    0.4s
[Parallel(n_jobs=1)]: Done  49 tasks      | elapsed:    4.6s
[Parallel(n_jobs=1)]: Done 199 tasks      | elapsed:   19.0s
[Parallel(n_jobs=1)]: Done  49 tasks      | elapsed:    0.1s
[Parallel(n_jobs=1)]: Done 199 tasks      | elapsed:    0.4s
[Parallel(n_jobs=1)]: Done  49 tasks      | elapsed:  2.5min
[Parallel(n_jobs=1)]: Done 199 tasks      | elapsed: 10.0min
[Parallel(n_jobs=1)]: Done  49 tasks      | elapsed:    4.7s
[Parallel(n_jobs=1)]: Done 199 tasks      | elapsed:   19.1s
[Parallel(n_jobs=1)]: Done  49 tasks      | elapsed:    0.1s
[Parallel(n_jobs=1)]: Done 199 tasks      | elapsed:    0.3s
[Parallel(n_jobs=1)]: Done  49 tasks      | elapsed:    4.7s
[Parallel(n_jobs=1)]: Done 199 tasks      | elapsed:   19.2s
[Parallel(n_jobs=1)]: Done  49 tasks      | elapsed:    0.1s
[Parallel(n_jobs=1)]: Done 199 tasks      | elapsed:    0.3s
[Parallel(n_jobs=1)]: Done  49 tasks      | elapsed:  2.5min
[Parallel(n_jobs=1)]: Done 199 tasks      | elapsed: 10.0min
[Parallel(n_jobs=1)]: Done  49 tasks      | elapsed:    4.5s
[Parallel(n_jobs=1)]: Done 199 tasks      | elapsed:   18.3s
[Parallel(n_jobs=1)]: Done  49 tasks      | elapsed:    0.1s
[Parallel(n_jobs=1)]: Done 199 tasks      | elapsed:    0.2s
[Parallel(n_jobs=1)]: Done  49 tasks      | elapsed:    4.5s
[Parallel(n_jobs=1)]: Done 199 tasks      | elapsed:   18.3s
[Parallel(n_jobs=1)]: Done  49 tasks      | elapsed:    0.1s
[Parallel(n_jobs=1)]: Done 199 tasks      | elapsed:    0.2s
[Parallel(n_jobs=1)]: Done  49 tasks      | elapsed:  2.4min
[Parallel(n_jobs=1)]: Done 199 tasks      | elapsed: 10.0min
[Parallel(n_jobs=1)]: Done  49 tasks      | elapsed:    4.6s
[Parallel(n_jobs=1)]: Done 199 tasks      | elapsed:   18.8s
[Parallel(n_jobs=1)]: Done  49 tasks      | elapsed:    0.1s
[Parallel(n_jobs=1)]: Done 199 tasks      | elapsed:    0.3s
[Parallel(n_jobs=1)]: Done  49 tasks      | elapsed:    4.6s
[Parallel(n_jobs=1)]: Done 199 tasks      | elapsed:   18.7s
[Parallel(n_jobs=1)]: Done  49 tasks      | elapsed:    0.1s
[Parallel(n_jobs=1)]: Done 199 tasks      | elapsed:    0.3s
[Parallel(n_jobs=1)]: Done  49 tasks      | elapsed:  2.5min
[Parallel(n_jobs=1)]: Done 199 tasks      | elapsed: 10.1min
[Parallel(n_jobs=1)]: Done  49 tasks      | elapsed:    4.4s
[Parallel(n_jobs=1)]: Done 199 tasks      | elapsed:   17.7s
[Parallel(n_jobs=1)]: Done  49 tasks      | elapsed:    0.1s
[Parallel(n_jobs=1)]: Done 199 tasks      | elapsed:    0.3s
[Parallel(n_jobs=1)]: Done  49 tasks      | elapsed:    4.3s
[Parallel(n_jobs=1)]: Done 199 tasks      | elapsed:   17.7s
[Parallel(n_jobs=1)]: Done  49 tasks      | elapsed:    0.1s
[Parallel(n_jobs=1)]: Done 199 tasks      | elapsed:    0.3s
[Parallel(n_jobs=1)]: Done  49 tasks      | elapsed:  2.5min
[Parallel(n_jobs=1)]: Done 199 tasks      | elapsed: 10.2min
[Parallel(n_jobs=1)]: Done  49 tasks      | elapsed:    4.6s
[Parallel(n_jobs=1)]: Done 199 tasks      | elapsed:   18.5s
[Parallel(n_jobs=1)]: Done  49 tasks      | elapsed:    0.1s
[Parallel(n_jobs=1)]: Done 199 tasks      | elapsed:    0.5s
[Parallel(n_jobs=1)]: Done  49 tasks      | elapsed:    4.6s
[Parallel(n_jobs=1)]: Done 199 tasks      | elapsed:   18.5s
[Parallel(n_jobs=1)]: Done  49 tasks      | elapsed:    0.1s
[Parallel(n_jobs=1)]: Done 199 tasks      | elapsed:    0.5s
[Parallel(n_jobs=1)]: Done  49 tasks      | elapsed:  2.4min
[Parallel(n_jobs=1)]: Done 199 tasks      | elapsed: 10.0min
[Parallel(n_jobs=1)]: Done  49 tasks      | elapsed:    4.7s
[Parallel(n_jobs=1)]: Done 199 tasks      | elapsed:   19.0s
[Parallel(n_jobs=1)]: Done  49 tasks      | elapsed:    0.1s
[Parallel(n_jobs=1)]: Done 199 tasks      | elapsed:    0.4s
[Parallel(n_jobs=1)]: Done  49 tasks      | elapsed:    4.7s
[Parallel(n_jobs=1)]: Done 199 tasks      | elapsed:   19.0s
[Parallel(n_jobs=1)]: Done  49 tasks      | elapsed:    0.1s
[Parallel(n_jobs=1)]: Done 199 tasks      | elapsed:    0.4s
[Parallel(n_jobs=1)]: Done  49 tasks      | elapsed:  2.5min
[Parallel(n_jobs=1)]: Done 199 tasks      | elapsed: 10.1min
[Parallel(n_jobs=1)]: Done  49 tasks      | elapsed:    4.6s
[Parallel(n_jobs=1)]: Done 199 tasks      | elapsed:   19.0s
[Parallel(n_jobs=1)]: Done  49 tasks      | elapsed:    0.1s
[Parallel(n_jobs=1)]: Done 199 tasks      | elapsed:    0.4s
[Parallel(n_jobs=1)]: Done  49 tasks      | elapsed:    4.6s
[Parallel(n_jobs=1)]: Done 199 tasks      | elapsed:   18.5s
[Parallel(n_jobs=1)]: Done  49 tasks      | elapsed:    0.1s
[Parallel(n_jobs=1)]: Done 199 tasks      | elapsed:    0.4s
[Parallel(n_jobs=1)]: Done  49 tasks      | elapsed:  2.5min
[Parallel(n_jobs=1)]: Done 199 tasks      | elapsed: 10.1min
[Parallel(n_jobs=1)]: Done  49 tasks      | elapsed:    4.7s
[Parallel(n_jobs=1)]: Done 199 tasks      | elapsed:   19.2s
[Parallel(n_jobs=1)]: Done  49 tasks      | elapsed:    0.1s
[Parallel(n_jobs=1)]: Done 199 tasks      | elapsed:    0.4s
[Parallel(n_jobs=1)]: Done  49 tasks      | elapsed:    4.7s
[Parallel(n_jobs=1)]: Done 199 tasks      | elapsed:   19.2s
[Parallel(n_jobs=1)]: Done  49 tasks      | elapsed:    0.1s
[Parallel(n_jobs=1)]: Done 199 tasks      | elapsed:    0.4s
[Parallel(n_jobs=1)]: Done  49 tasks      | elapsed:  2.5min
[Parallel(n_jobs=1)]: Done 199 tasks      | elapsed: 10.3min
[Parallel(n_jobs=1)]: Done  49 tasks      | elapsed:    4.7s
[Parallel(n_jobs=1)]: Done 199 tasks      | elapsed:   19.2s
[Parallel(n_jobs=1)]: Done  49 tasks      | elapsed:    0.1s
[Parallel(n_jobs=1)]: Done 199 tasks      | elapsed:    0.4s
[Parallel(n_jobs=1)]: Done  49 tasks      | elapsed:    4.7s
[Parallel(n_jobs=1)]: Done 199 tasks      | elapsed:   19.2s
[Parallel(n_jobs=1)]: Done  49 tasks      | elapsed:    0.1s
[Parallel(n_jobs=1)]: Done 199 tasks      | elapsed:    0.3s
[Parallel(n_jobs=1)]: Done  49 tasks      | elapsed:  2.4min
[Parallel(n_jobs=1)]: Done 199 tasks      | elapsed: 10.0min
[Parallel(n_jobs=1)]: Done  49 tasks      | elapsed:    4.6s
[Parallel(n_jobs=1)]: Done 199 tasks      | elapsed:   18.8s
[Parallel(n_jobs=1)]: Done  49 tasks      | elapsed:    0.1s
[Parallel(n_jobs=1)]: Done 199 tasks      | elapsed:    0.5s
[Parallel(n_jobs=1)]: Done  49 tasks      | elapsed:    4.6s
[Parallel(n_jobs=1)]: Done 199 tasks      | elapsed:   18.7s
[Parallel(n_jobs=1)]: Done  49 tasks      | elapsed:    0.1s
[Parallel(n_jobs=1)]: Done 199 tasks      | elapsed:    0.5s
[Parallel(n_jobs=1)]: Done  49 tasks      | elapsed:  2.5min
[Parallel(n_jobs=1)]: Done 199 tasks      | elapsed: 10.2min
[Parallel(n_jobs=1)]: Done  49 tasks      | elapsed:    4.6s
[Parallel(n_jobs=1)]: Done 199 tasks      | elapsed:   18.9s
[Parallel(n_jobs=1)]: Done  49 tasks      | elapsed:    0.1s
[Parallel(n_jobs=1)]: Done 199 tasks      | elapsed:    0.4s
[Parallel(n_jobs=1)]: Done  49 tasks      | elapsed:    4.6s
[Parallel(n_jobs=1)]: Done 199 tasks      | elapsed:   18.8s
[Parallel(n_jobs=1)]: Done  49 tasks      | elapsed:    0.1s
[Parallel(n_jobs=1)]: Done 199 tasks      | elapsed:    0.4s
[Parallel(n_jobs=1)]: Done  49 tasks      | elapsed:  2.5min
[Parallel(n_jobs=1)]: Done 199 tasks      | elapsed: 10.1min
[Parallel(n_jobs=1)]: Done  49 tasks      | elapsed:    4.7s
[Parallel(n_jobs=1)]: Done 199 tasks      | elapsed:   19.3s
[Parallel(n_jobs=1)]: Done  49 tasks      | elapsed:    0.1s
[Parallel(n_jobs=1)]: Done 199 tasks      | elapsed:    0.4s
[Parallel(n_jobs=1)]: Done  49 tasks      | elapsed:    4.7s
[Parallel(n_jobs=1)]: Done 199 tasks      | elapsed:   19.2s
[Parallel(n_jobs=1)]: Done  49 tasks      | elapsed:    0.1s
[Parallel(n_jobs=1)]: Done 199 tasks      | elapsed:    0.4s
[Parallel(n_jobs=1)]: Done  49 tasks      | elapsed:  2.4min
[Parallel(n_jobs=1)]: Done 199 tasks      | elapsed: 10.0min
[Parallel(n_jobs=1)]: Done  49 tasks      | elapsed:    4.6s
[Parallel(n_jobs=1)]: Done 199 tasks      | elapsed:   18.6s
[Parallel(n_jobs=1)]: Done  49 tasks      | elapsed:    0.1s
[Parallel(n_jobs=1)]: Done 199 tasks      | elapsed:    0.4s
[Parallel(n_jobs=1)]: Done  49 tasks      | elapsed:    4.6s
[Parallel(n_jobs=1)]: Done 199 tasks      | elapsed:   18.7s
[Parallel(n_jobs=1)]: Done  49 tasks      | elapsed:    0.1s
[Parallel(n_jobs=1)]: Done 199 tasks      | elapsed:    0.4s
[Parallel(n_jobs=1)]: Done  49 tasks      | elapsed:  2.5min
[Parallel(n_jobs=1)]: Done 199 tasks      | elapsed: 10.3min
[Parallel(n_jobs=1)]: Done  49 tasks      | elapsed:    4.7s
[Parallel(n_jobs=1)]: Done 199 tasks      | elapsed:   19.2s
[Parallel(n_jobs=1)]: Done  49 tasks      | elapsed:    0.1s
[Parallel(n_jobs=1)]: Done 199 tasks      | elapsed:    0.2s
[Parallel(n_jobs=1)]: Done  49 tasks      | elapsed:    4.7s
[Parallel(n_jobs=1)]: Done 199 tasks      | elapsed:   19.2s
[Parallel(n_jobs=1)]: Done  49 tasks      | elapsed:    0.1s
[Parallel(n_jobs=1)]: Done 199 tasks      | elapsed:    0.2s
[Parallel(n_jobs=1)]: Done  49 tasks      | elapsed:  2.5min
[Parallel(n_jobs=1)]: Done 199 tasks      | elapsed: 10.1min
[Parallel(n_jobs=1)]: Done  49 tasks      | elapsed:    4.7s
[Parallel(n_jobs=1)]: Done 199 tasks      | elapsed:   19.2s
[Parallel(n_jobs=1)]: Done  49 tasks      | elapsed:    0.1s
[Parallel(n_jobs=1)]: Done 199 tasks      | elapsed:    0.3s
[Parallel(n_jobs=1)]: Done  49 tasks      | elapsed:    4.7s
[Parallel(n_jobs=1)]: Done 199 tasks      | elapsed:   19.2s
[Parallel(n_jobs=1)]: Done  49 tasks      | elapsed:    0.1s
[Parallel(n_jobs=1)]: Done 199 tasks      | elapsed:    0.3s
[Parallel(n_jobs=1)]: Done  49 tasks      | elapsed:  2.5min
[Parallel(n_jobs=1)]: Done 199 tasks      | elapsed: 10.1min
[Parallel(n_jobs=1)]: Done  49 tasks      | elapsed:    4.7s
[Parallel(n_jobs=1)]: Done 199 tasks      | elapsed:   19.1s
[Parallel(n_jobs=1)]: Done  49 tasks      | elapsed:    0.1s
[Parallel(n_jobs=1)]: Done 199 tasks      | elapsed:    0.3s
[Parallel(n_jobs=1)]: Done  49 tasks      | elapsed:    4.7s
[Parallel(n_jobs=1)]: Done 199 tasks      | elapsed:   19.1s
[Parallel(n_jobs=1)]: Done  49 tasks      | elapsed:    0.1s
[Parallel(n_jobs=1)]: Done 199 tasks      | elapsed:    0.3s
[Parallel(n_jobs=1)]: Done  49 tasks      | elapsed:  2.4min
[Parallel(n_jobs=1)]: Done 199 tasks      | elapsed: 10.0min
[Parallel(n_jobs=1)]: Done  49 tasks      | elapsed:    4.6s
[Parallel(n_jobs=1)]: Done 199 tasks      | elapsed:   18.8s
[Parallel(n_jobs=1)]: Done  49 tasks      | elapsed:    0.0s
[Parallel(n_jobs=1)]: Done 199 tasks      | elapsed:    0.2s
[Parallel(n_jobs=1)]: Done  49 tasks      | elapsed:    4.6s
[Parallel(n_jobs=1)]: Done 199 tasks      | elapsed:   18.7s
[Parallel(n_jobs=1)]: Done  49 tasks      | elapsed:    0.0s
[Parallel(n_jobs=1)]: Done 199 tasks      | elapsed:    0.2s
[Parallel(n_jobs=1)]: Done  49 tasks      | elapsed:  2.5min
[Parallel(n_jobs=1)]: Done 199 tasks      | elapsed: 10.2min
[Parallel(n_jobs=1)]: Done  49 tasks      | elapsed:    4.6s
[Parallel(n_jobs=1)]: Done 199 tasks      | elapsed:   18.8s
[Parallel(n_jobs=1)]: Done  49 tasks      | elapsed:    0.1s
[Parallel(n_jobs=1)]: Done 199 tasks      | elapsed:    0.3s
[Parallel(n_jobs=1)]: Done  49 tasks      | elapsed:    4.6s
[Parallel(n_jobs=1)]: Done 199 tasks      | elapsed:   18.8s
[Parallel(n_jobs=1)]: Done  49 tasks      | elapsed:    0.1s
[Parallel(n_jobs=1)]: Done 199 tasks      | elapsed:    0.3s
[Parallel(n_jobs=1)]: Done  49 tasks      | elapsed:  2.5min
[Parallel(n_jobs=1)]: Done 199 tasks      | elapsed: 10.1min
[Parallel(n_jobs=1)]: Done  49 tasks      | elapsed:    4.7s
[Parallel(n_jobs=1)]: Done 199 tasks      | elapsed:   18.9s
[Parallel(n_jobs=1)]: Done  49 tasks      | elapsed:    0.1s
[Parallel(n_jobs=1)]: Done 199 tasks      | elapsed:    0.3s
[Parallel(n_jobs=1)]: Done  49 tasks      | elapsed:    4.6s
[Parallel(n_jobs=1)]: Done 199 tasks      | elapsed:   18.9s
[Parallel(n_jobs=1)]: Done  49 tasks      | elapsed:    0.1s
[Parallel(n_jobs=1)]: Done 199 tasks      | elapsed:    0.3s
[Parallel(n_jobs=1)]: Done  49 tasks      | elapsed:  2.5min
[Parallel(n_jobs=1)]: Done 199 tasks      | elapsed: 10.1min
[Parallel(n_jobs=1)]: Done  49 tasks      | elapsed:    4.7s
[Parallel(n_jobs=1)]: Done 199 tasks      | elapsed:   19.1s
[Parallel(n_jobs=1)]: Done  49 tasks      | elapsed:    0.1s
[Parallel(n_jobs=1)]: Done 199 tasks      | elapsed:    0.4s
[Parallel(n_jobs=1)]: Done  49 tasks      | elapsed:    4.7s
[Parallel(n_jobs=1)]: Done 199 tasks      | elapsed:   19.0s
[Parallel(n_jobs=1)]: Done  49 tasks      | elapsed:    0.1s
[Parallel(n_jobs=1)]: Done 199 tasks      | elapsed:    0.4s
[Parallel(n_jobs=1)]: Done  49 tasks      | elapsed:  2.5min
[Parallel(n_jobs=1)]: Done 199 tasks      | elapsed: 10.0min
[Parallel(n_jobs=1)]: Done  49 tasks      | elapsed:    4.7s
[Parallel(n_jobs=1)]: Done 199 tasks      | elapsed:   18.8s
[Parallel(n_jobs=1)]: Done  49 tasks      | elapsed:    0.1s
[Parallel(n_jobs=1)]: Done 199 tasks      | elapsed:    0.4s
[Parallel(n_jobs=1)]: Done  49 tasks      | elapsed:    4.6s
[Parallel(n_jobs=1)]: Done 199 tasks      | elapsed:   18.8s
[Parallel(n_jobs=1)]: Done  49 tasks      | elapsed:    0.1s
[Parallel(n_jobs=1)]: Done 199 tasks      | elapsed:    0.4s
[Parallel(n_jobs=1)]: Done  49 tasks      | elapsed:  2.5min
[Parallel(n_jobs=1)]: Done 199 tasks      | elapsed: 10.0min
[Parallel(n_jobs=1)]: Done  49 tasks      | elapsed:    4.6s
[Parallel(n_jobs=1)]: Done 199 tasks      | elapsed:   18.6s
[Parallel(n_jobs=1)]: Done  49 tasks      | elapsed:    0.1s
[Parallel(n_jobs=1)]: Done 199 tasks      | elapsed:    0.3s
[Parallel(n_jobs=1)]: Done  49 tasks      | elapsed:    4.6s
[Parallel(n_jobs=1)]: Done 199 tasks      | elapsed:   18.6s
[Parallel(n_jobs=1)]: Done  49 tasks      | elapsed:    0.1s
[Parallel(n_jobs=1)]: Done 199 tasks      | elapsed:    0.3s
[Parallel(n_jobs=1)]: Done  49 tasks      | elapsed:  2.5min
[Parallel(n_jobs=1)]: Done 199 tasks      | elapsed: 10.0min
[Parallel(n_jobs=1)]: Done  49 tasks      | elapsed:    4.6s
[Parallel(n_jobs=1)]: Done 199 tasks      | elapsed:   18.7s
[Parallel(n_jobs=1)]: Done  49 tasks      | elapsed:    0.1s
[Parallel(n_jobs=1)]: Done 199 tasks      | elapsed:    0.3s
[Parallel(n_jobs=1)]: Done  49 tasks      | elapsed:    4.6s
[Parallel(n_jobs=1)]: Done 199 tasks      | elapsed:   18.7s
[Parallel(n_jobs=1)]: Done  49 tasks      | elapsed:    0.1s
[Parallel(n_jobs=1)]: Done 199 tasks      | elapsed:    0.3s
[Parallel(n_jobs=1)]: Done  49 tasks      | elapsed:  2.5min
[Parallel(n_jobs=1)]: Done 199 tasks      | elapsed: 10.0min
[Parallel(n_jobs=1)]: Done  49 tasks      | elapsed:    4.4s
[Parallel(n_jobs=1)]: Done 199 tasks      | elapsed:   18.0s
[Parallel(n_jobs=1)]: Done  49 tasks      | elapsed:    0.1s
[Parallel(n_jobs=1)]: Done 199 tasks      | elapsed:    0.4s
[Parallel(n_jobs=1)]: Done  49 tasks      | elapsed:    4.4s
[Parallel(n_jobs=1)]: Done 199 tasks      | elapsed:   18.0s
[Parallel(n_jobs=1)]: Done  49 tasks      | elapsed:    0.1s
[Parallel(n_jobs=1)]: Done 199 tasks      | elapsed:    0.4s
[Parallel(n_jobs=1)]: Done  49 tasks      | elapsed:  2.5min
[Parallel(n_jobs=1)]: Done 199 tasks      | elapsed: 10.2min
[Parallel(n_jobs=1)]: Done  49 tasks      | elapsed:    4.6s
[Parallel(n_jobs=1)]: Done 199 tasks      | elapsed:   18.6s
[Parallel(n_jobs=1)]: Done  49 tasks      | elapsed:    0.1s
[Parallel(n_jobs=1)]: Done 199 tasks      | elapsed:    0.3s
[Parallel(n_jobs=1)]: Done  49 tasks      | elapsed:    4.6s
[Parallel(n_jobs=1)]: Done 199 tasks      | elapsed:   18.5s
[Parallel(n_jobs=1)]: Done  49 tasks      | elapsed:    0.1s
[Parallel(n_jobs=1)]: Done 199 tasks      | elapsed:    0.3s
[Parallel(n_jobs=1)]: Done  49 tasks      | elapsed:  2.5min
[Parallel(n_jobs=1)]: Done 199 tasks      | elapsed: 10.2min
[Parallel(n_jobs=1)]: Done  49 tasks      | elapsed:    4.7s
[Parallel(n_jobs=1)]: Done 199 tasks      | elapsed:   18.9s
[Parallel(n_jobs=1)]: Done  49 tasks      | elapsed:    0.1s
[Parallel(n_jobs=1)]: Done 199 tasks      | elapsed:    0.4s
[Parallel(n_jobs=1)]: Done  49 tasks      | elapsed:    4.6s
[Parallel(n_jobs=1)]: Done 199 tasks      | elapsed:   18.9s
[Parallel(n_jobs=1)]: Done  49 tasks      | elapsed:    0.1s
[Parallel(n_jobs=1)]: Done 199 tasks      | elapsed:    0.4s
[Parallel(n_jobs=1)]: Done  49 tasks      | elapsed:  2.5min
[Parallel(n_jobs=1)]: Done 199 tasks      | elapsed: 10.2min
[Parallel(n_jobs=1)]: Done  49 tasks      | elapsed:    4.7s
[Parallel(n_jobs=1)]: Done 199 tasks      | elapsed:   19.0s
[Parallel(n_jobs=1)]: Done  49 tasks      | elapsed:    0.1s
[Parallel(n_jobs=1)]: Done 199 tasks      | elapsed:    0.2s
[Parallel(n_jobs=1)]: Done  49 tasks      | elapsed:    4.7s
[Parallel(n_jobs=1)]: Done 199 tasks      | elapsed:   19.0s
[Parallel(n_jobs=1)]: Done  49 tasks      | elapsed:    0.1s
[Parallel(n_jobs=1)]: Done 199 tasks      | elapsed:    0.2s
[Parallel(n_jobs=1)]: Done  49 tasks      | elapsed:  2.5min
[Parallel(n_jobs=1)]: Done 199 tasks      | elapsed: 10.2min
[Parallel(n_jobs=1)]: Done  49 tasks      | elapsed:    4.7s
[Parallel(n_jobs=1)]: Done 199 tasks      | elapsed:   19.1s
[Parallel(n_jobs=1)]: Done  49 tasks      | elapsed:    0.1s
[Parallel(n_jobs=1)]: Done 199 tasks      | elapsed:    0.3s
[Parallel(n_jobs=1)]: Done  49 tasks      | elapsed:    4.7s
[Parallel(n_jobs=1)]: Done 199 tasks      | elapsed:   19.2s
[Parallel(n_jobs=1)]: Done  49 tasks      | elapsed:    0.1s
[Parallel(n_jobs=1)]: Done 199 tasks      | elapsed:    0.3s
[Parallel(n_jobs=1)]: Done  49 tasks      | elapsed:  2.5min
[Parallel(n_jobs=1)]: Done 199 tasks      | elapsed: 10.1min
[Parallel(n_jobs=1)]: Done  49 tasks      | elapsed:    4.6s
[Parallel(n_jobs=1)]: Done 199 tasks      | elapsed:   18.8s
[Parallel(n_jobs=1)]: Done  49 tasks      | elapsed:    0.1s
[Parallel(n_jobs=1)]: Done 199 tasks      | elapsed:    0.5s
[Parallel(n_jobs=1)]: Done  49 tasks      | elapsed:    4.6s
[Parallel(n_jobs=1)]: Done 199 tasks      | elapsed:   18.7s
[Parallel(n_jobs=1)]: Done  49 tasks      | elapsed:    0.1s
[Parallel(n_jobs=1)]: Done 199 tasks      | elapsed:    0.5s
[Parallel(n_jobs=1)]: Done  49 tasks      | elapsed:  2.5min
[Parallel(n_jobs=1)]: Done 199 tasks      | elapsed: 10.1min
[Parallel(n_jobs=1)]: Done  49 tasks      | elapsed:    4.7s
[Parallel(n_jobs=1)]: Done 199 tasks      | elapsed:   19.0s
[Parallel(n_jobs=1)]: Done  49 tasks      | elapsed:    0.1s
[Parallel(n_jobs=1)]: Done 199 tasks      | elapsed:    0.3s
[Parallel(n_jobs=1)]: Done  49 tasks      | elapsed:    4.7s
[Parallel(n_jobs=1)]: Done 199 tasks      | elapsed:   18.8s
[Parallel(n_jobs=1)]: Done  49 tasks      | elapsed:    0.1s
[Parallel(n_jobs=1)]: Done 199 tasks      | elapsed:    0.3s
[Parallel(n_jobs=1)]: Done  49 tasks      | elapsed:  2.5min
[Parallel(n_jobs=1)]: Done 199 tasks      | elapsed: 10.1min
[Parallel(n_jobs=1)]: Done  49 tasks      | elapsed:    4.6s
[Parallel(n_jobs=1)]: Done 199 tasks      | elapsed:   18.9s
[Parallel(n_jobs=1)]: Done  49 tasks      | elapsed:    0.1s
[Parallel(n_jobs=1)]: Done 199 tasks      | elapsed:    0.4s
[Parallel(n_jobs=1)]: Done  49 tasks      | elapsed:    4.6s
[Parallel(n_jobs=1)]: Done 199 tasks      | elapsed:   18.9s
[Parallel(n_jobs=1)]: Done  49 tasks      | elapsed:    0.1s
[Parallel(n_jobs=1)]: Done 199 tasks      | elapsed:    0.3s
[Parallel(n_jobs=1)]: Done  49 tasks      | elapsed:  2.5min
[Parallel(n_jobs=1)]: Done 199 tasks      | elapsed: 10.1min
[Parallel(n_jobs=1)]: Done  49 tasks      | elapsed:    4.4s
[Parallel(n_jobs=1)]: Done 199 tasks      | elapsed:   18.1s
[Parallel(n_jobs=1)]: Done  49 tasks      | elapsed:    0.1s
[Parallel(n_jobs=1)]: Done 199 tasks      | elapsed:    0.5s
[Parallel(n_jobs=1)]: Done  49 tasks      | elapsed:    4.5s
[Parallel(n_jobs=1)]: Done 199 tasks      | elapsed:   18.1s
[Parallel(n_jobs=1)]: Done  49 tasks      | elapsed:    0.1s
[Parallel(n_jobs=1)]: Done 199 tasks      | elapsed:    0.5s
[Parallel(n_jobs=1)]: Done  49 tasks      | elapsed:  2.5min
[Parallel(n_jobs=1)]: Done 199 tasks      | elapsed: 10.1min
[Parallel(n_jobs=1)]: Done  49 tasks      | elapsed:    4.6s
[Parallel(n_jobs=1)]: Done 199 tasks      | elapsed:   18.8s
[Parallel(n_jobs=1)]: Done  49 tasks      | elapsed:    0.1s
[Parallel(n_jobs=1)]: Done 199 tasks      | elapsed:    0.4s
[Parallel(n_jobs=1)]: Done  49 tasks      | elapsed:    4.6s
[Parallel(n_jobs=1)]: Done 199 tasks      | elapsed:   18.8s
[Parallel(n_jobs=1)]: Done  49 tasks      | elapsed:    0.1s
[Parallel(n_jobs=1)]: Done 199 tasks      | elapsed:    0.4s
[Parallel(n_jobs=1)]: Done  49 tasks      | elapsed:  2.5min
[Parallel(n_jobs=1)]: Done 199 tasks      | elapsed: 10.0min
[Parallel(n_jobs=1)]: Done  49 tasks      | elapsed:    4.7s
[Parallel(n_jobs=1)]: Done 199 tasks      | elapsed:   19.1s
[Parallel(n_jobs=1)]: Done  49 tasks      | elapsed:    0.1s
[Parallel(n_jobs=1)]: Done 199 tasks      | elapsed:    0.3s
[Parallel(n_jobs=1)]: Done  49 tasks      | elapsed:    4.7s
[Parallel(n_jobs=1)]: Done 199 tasks      | elapsed:   19.1s
[Parallel(n_jobs=1)]: Done  49 tasks      | elapsed:    0.1s
[Parallel(n_jobs=1)]: Done 199 tasks      | elapsed:    0.3s
[Parallel(n_jobs=1)]: Done  49 tasks      | elapsed:  2.5min
[Parallel(n_jobs=1)]: Done 199 tasks      | elapsed: 10.0min
[Parallel(n_jobs=1)]: Done  49 tasks      | elapsed:    4.5s
[Parallel(n_jobs=1)]: Done 199 tasks      | elapsed:   18.4s
[Parallel(n_jobs=1)]: Done  49 tasks      | elapsed:    0.1s
[Parallel(n_jobs=1)]: Done 199 tasks      | elapsed:    0.2s
[Parallel(n_jobs=1)]: Done  49 tasks      | elapsed:    4.5s
[Parallel(n_jobs=1)]: Done 199 tasks      | elapsed:   18.4s
[Parallel(n_jobs=1)]: Done  49 tasks      | elapsed:    0.1s
[Parallel(n_jobs=1)]: Done 199 tasks      | elapsed:    0.2s
[Parallel(n_jobs=1)]: Done  49 tasks      | elapsed:  2.5min
[Parallel(n_jobs=1)]: Done 199 tasks      | elapsed: 10.0min
[Parallel(n_jobs=1)]: Done  49 tasks      | elapsed:    4.6s
[Parallel(n_jobs=1)]: Done 199 tasks      | elapsed:   18.7s
[Parallel(n_jobs=1)]: Done  49 tasks      | elapsed:    0.1s
[Parallel(n_jobs=1)]: Done 199 tasks      | elapsed:    0.3s
[Parallel(n_jobs=1)]: Done  49 tasks      | elapsed:    4.6s
[Parallel(n_jobs=1)]: Done 199 tasks      | elapsed:   18.6s
[Parallel(n_jobs=1)]: Done  49 tasks      | elapsed:    0.1s
[Parallel(n_jobs=1)]: Done 199 tasks      | elapsed:    0.3s
[Parallel(n_jobs=1)]: Done  49 tasks      | elapsed:  2.5min
[Parallel(n_jobs=1)]: Done 199 tasks      | elapsed: 10.0min
[Parallel(n_jobs=1)]: Done  49 tasks      | elapsed:    4.4s
[Parallel(n_jobs=1)]: Done 199 tasks      | elapsed:   17.7s
[Parallel(n_jobs=1)]: Done  49 tasks      | elapsed:    0.1s
[Parallel(n_jobs=1)]: Done 199 tasks      | elapsed:    0.3s
[Parallel(n_jobs=1)]: Done  49 tasks      | elapsed:    4.4s
[Parallel(n_jobs=1)]: Done 199 tasks      | elapsed:   17.7s
[Parallel(n_jobs=1)]: Done  49 tasks      | elapsed:    0.1s
[Parallel(n_jobs=1)]: Done 199 tasks      | elapsed:    0.3s
[Parallel(n_jobs=1)]: Done  49 tasks      | elapsed:  2.5min
[Parallel(n_jobs=1)]: Done 199 tasks      | elapsed: 10.1min
[Parallel(n_jobs=1)]: Done  49 tasks      | elapsed:    4.5s
[Parallel(n_jobs=1)]: Done 199 tasks      | elapsed:   18.5s
[Parallel(n_jobs=1)]: Done  49 tasks      | elapsed:    0.1s
[Parallel(n_jobs=1)]: Done 199 tasks      | elapsed:    0.5s
[Parallel(n_jobs=1)]: Done  49 tasks      | elapsed:    4.5s
[Parallel(n_jobs=1)]: Done 199 tasks      | elapsed:   18.4s
[Parallel(n_jobs=1)]: Done  49 tasks      | elapsed:    0.1s
[Parallel(n_jobs=1)]: Done 199 tasks      | elapsed:    0.5s
[Parallel(n_jobs=1)]: Done  49 tasks      | elapsed:  2.5min
[Parallel(n_jobs=1)]: Done 199 tasks      | elapsed: 10.0min
[Parallel(n_jobs=1)]: Done  49 tasks      | elapsed:    4.7s
[Parallel(n_jobs=1)]: Done 199 tasks      | elapsed:   18.9s
[Parallel(n_jobs=1)]: Done  49 tasks      | elapsed:    0.1s
[Parallel(n_jobs=1)]: Done 199 tasks      | elapsed:    0.4s
[Parallel(n_jobs=1)]: Done  49 tasks      | elapsed:    4.8s
[Parallel(n_jobs=1)]: Done 199 tasks      | elapsed:   19.0s
[Parallel(n_jobs=1)]: Done  49 tasks      | elapsed:    0.1s
[Parallel(n_jobs=1)]: Done 199 tasks      | elapsed:    0.4s
[Parallel(n_jobs=1)]: Done  49 tasks      | elapsed:  2.5min
[Parallel(n_jobs=1)]: Done 199 tasks      | elapsed: 10.1min
[Parallel(n_jobs=1)]: Done  49 tasks      | elapsed:    4.6s
[Parallel(n_jobs=1)]: Done 199 tasks      | elapsed:   18.6s
[Parallel(n_jobs=1)]: Done  49 tasks      | elapsed:    0.1s
[Parallel(n_jobs=1)]: Done 199 tasks      | elapsed:    0.4s
[Parallel(n_jobs=1)]: Done  49 tasks      | elapsed:    4.6s
[Parallel(n_jobs=1)]: Done 199 tasks      | elapsed:   18.7s
[Parallel(n_jobs=1)]: Done  49 tasks      | elapsed:    0.1s
[Parallel(n_jobs=1)]: Done 199 tasks      | elapsed:    0.4s
[Parallel(n_jobs=1)]: Done  49 tasks      | elapsed:  2.5min
[Parallel(n_jobs=1)]: Done 199 tasks      | elapsed: 10.0min
[Parallel(n_jobs=1)]: Done  49 tasks      | elapsed:    4.7s
[Parallel(n_jobs=1)]: Done 199 tasks      | elapsed:   19.3s
[Parallel(n_jobs=1)]: Done  49 tasks      | elapsed:    0.1s
[Parallel(n_jobs=1)]: Done 199 tasks      | elapsed:    0.4s
[Parallel(n_jobs=1)]: Done  49 tasks      | elapsed:    4.7s
[Parallel(n_jobs=1)]: Done 199 tasks      | elapsed:   19.2s
[Parallel(n_jobs=1)]: Done  49 tasks      | elapsed:    0.1s
[Parallel(n_jobs=1)]: Done 199 tasks      | elapsed:    0.4s
[Parallel(n_jobs=1)]: Done  49 tasks      | elapsed:  2.5min
[Parallel(n_jobs=1)]: Done 199 tasks      | elapsed: 10.2min
[Parallel(n_jobs=1)]: Done  49 tasks      | elapsed:    4.7s
[Parallel(n_jobs=1)]: Done 199 tasks      | elapsed:   19.1s
[Parallel(n_jobs=1)]: Done  49 tasks      | elapsed:    0.1s
[Parallel(n_jobs=1)]: Done 199 tasks      | elapsed:    0.3s
[Parallel(n_jobs=1)]: Done  49 tasks      | elapsed:    4.7s
[Parallel(n_jobs=1)]: Done 199 tasks      | elapsed:   19.1s
[Parallel(n_jobs=1)]: Done  49 tasks      | elapsed:    0.1s
[Parallel(n_jobs=1)]: Done 199 tasks      | elapsed:    0.3s
[Parallel(n_jobs=1)]: Done  49 tasks      | elapsed:  2.4min
[Parallel(n_jobs=1)]: Done 199 tasks      | elapsed: 10.0min
[Parallel(n_jobs=1)]: Done  49 tasks      | elapsed:    4.6s
[Parallel(n_jobs=1)]: Done 199 tasks      | elapsed:   18.8s
[Parallel(n_jobs=1)]: Done  49 tasks      | elapsed:    0.1s
[Parallel(n_jobs=1)]: Done 199 tasks      | elapsed:    0.5s
[Parallel(n_jobs=1)]: Done  49 tasks      | elapsed:    4.6s
[Parallel(n_jobs=1)]: Done 199 tasks      | elapsed:   18.6s
[Parallel(n_jobs=1)]: Done  49 tasks      | elapsed:    0.1s
[Parallel(n_jobs=1)]: Done 199 tasks      | elapsed:    0.5s
[Parallel(n_jobs=1)]: Done  49 tasks      | elapsed:  2.5min
[Parallel(n_jobs=1)]: Done 199 tasks      | elapsed: 10.2min
[Parallel(n_jobs=1)]: Done  49 tasks      | elapsed:    4.6s
[Parallel(n_jobs=1)]: Done 199 tasks      | elapsed:   18.9s
[Parallel(n_jobs=1)]: Done  49 tasks      | elapsed:    0.1s
[Parallel(n_jobs=1)]: Done 199 tasks      | elapsed:    0.4s
[Parallel(n_jobs=1)]: Done  49 tasks      | elapsed:    4.6s
[Parallel(n_jobs=1)]: Done 199 tasks      | elapsed:   18.8s
[Parallel(n_jobs=1)]: Done  49 tasks      | elapsed:    0.1s
[Parallel(n_jobs=1)]: Done 199 tasks      | elapsed:    0.4s
[Parallel(n_jobs=1)]: Done  49 tasks      | elapsed:  2.5min
[Parallel(n_jobs=1)]: Done 199 tasks      | elapsed: 10.1min
[Parallel(n_jobs=1)]: Done  49 tasks      | elapsed:    4.7s
[Parallel(n_jobs=1)]: Done 199 tasks      | elapsed:   19.1s
[Parallel(n_jobs=1)]: Done  49 tasks      | elapsed:    0.1s
[Parallel(n_jobs=1)]: Done 199 tasks      | elapsed:    0.4s
[Parallel(n_jobs=1)]: Done  49 tasks      | elapsed:    4.7s
[Parallel(n_jobs=1)]: Done 199 tasks      | elapsed:   19.1s
[Parallel(n_jobs=1)]: Done  49 tasks      | elapsed:    0.1s
[Parallel(n_jobs=1)]: Done 199 tasks      | elapsed:    0.4s
[Parallel(n_jobs=1)]: Done  49 tasks      | elapsed:  2.5min
[Parallel(n_jobs=1)]: Done 199 tasks      | elapsed: 10.0min
[Parallel(n_jobs=1)]: Done  49 tasks      | elapsed:    4.7s
[Parallel(n_jobs=1)]: Done 199 tasks      | elapsed:   18.6s
[Parallel(n_jobs=1)]: Done  49 tasks      | elapsed:    0.1s
[Parallel(n_jobs=1)]: Done 199 tasks      | elapsed:    0.4s
[Parallel(n_jobs=1)]: Done  49 tasks      | elapsed:    4.6s
[Parallel(n_jobs=1)]: Done 199 tasks      | elapsed:   18.5s
[Parallel(n_jobs=1)]: Done  49 tasks      | elapsed:    0.1s
[Parallel(n_jobs=1)]: Done 199 tasks      | elapsed:    0.4s
[Parallel(n_jobs=1)]: Done  49 tasks      | elapsed:  2.5min
[Parallel(n_jobs=1)]: Done 199 tasks      | elapsed: 10.2min
[Parallel(n_jobs=1)]: Done  49 tasks      | elapsed:    4.7s
[Parallel(n_jobs=1)]: Done 199 tasks      | elapsed:   19.2s
[Parallel(n_jobs=1)]: Done  49 tasks      | elapsed:    0.1s
[Parallel(n_jobs=1)]: Done 199 tasks      | elapsed:    0.2s
[Parallel(n_jobs=1)]: Done  49 tasks      | elapsed:    4.7s
[Parallel(n_jobs=1)]: Done 199 tasks      | elapsed:   19.2s
[Parallel(n_jobs=1)]: Done  49 tasks      | elapsed:    0.1s
[Parallel(n_jobs=1)]: Done 199 tasks      | elapsed:    0.2s
[Parallel(n_jobs=1)]: Done  49 tasks      | elapsed:  2.5min
[Parallel(n_jobs=1)]: Done 199 tasks      | elapsed: 10.1min
[Parallel(n_jobs=1)]: Done  49 tasks      | elapsed:    4.7s
[Parallel(n_jobs=1)]: Done 199 tasks      | elapsed:   19.2s
[Parallel(n_jobs=1)]: Done  49 tasks      | elapsed:    0.1s
[Parallel(n_jobs=1)]: Done 199 tasks      | elapsed:    0.3s
[Parallel(n_jobs=1)]: Done  49 tasks      | elapsed:    4.7s
[Parallel(n_jobs=1)]: Done 199 tasks      | elapsed:   19.2s
[Parallel(n_jobs=1)]: Done  49 tasks      | elapsed:    0.1s
[Parallel(n_jobs=1)]: Done 199 tasks      | elapsed:    0.3s
[Parallel(n_jobs=1)]: Done  49 tasks      | elapsed:  2.5min
[Parallel(n_jobs=1)]: Done 199 tasks      | elapsed: 10.2min
[Parallel(n_jobs=1)]: Done  49 tasks      | elapsed:    4.7s
[Parallel(n_jobs=1)]: Done 199 tasks      | elapsed:   19.1s
[Parallel(n_jobs=1)]: Done  49 tasks      | elapsed:    0.1s
[Parallel(n_jobs=1)]: Done 199 tasks      | elapsed:    0.3s
[Parallel(n_jobs=1)]: Done  49 tasks      | elapsed:    4.7s
[Parallel(n_jobs=1)]: Done 199 tasks      | elapsed:   19.1s
[Parallel(n_jobs=1)]: Done  49 tasks      | elapsed:    0.1s
[Parallel(n_jobs=1)]: Done 199 tasks      | elapsed:    0.3s
[Parallel(n_jobs=1)]: Done  49 tasks      | elapsed:  2.5min
[Parallel(n_jobs=1)]: Done 199 tasks      | elapsed:  9.9min
[Parallel(n_jobs=1)]: Done  49 tasks      | elapsed:    4.6s
[Parallel(n_jobs=1)]: Done 199 tasks      | elapsed:   18.6s
[Parallel(n_jobs=1)]: Done  49 tasks      | elapsed:    0.0s
[Parallel(n_jobs=1)]: Done 199 tasks      | elapsed:    0.2s
[Parallel(n_jobs=1)]: Done  49 tasks      | elapsed:    4.6s
[Parallel(n_jobs=1)]: Done 199 tasks      | elapsed:   18.7s
[Parallel(n_jobs=1)]: Done  49 tasks      | elapsed:    0.0s
[Parallel(n_jobs=1)]: Done 199 tasks      | elapsed:    0.2s
[Parallel(n_jobs=1)]: Done  49 tasks      | elapsed:  2.5min
[Parallel(n_jobs=1)]: Done 199 tasks      | elapsed: 10.2min
[Parallel(n_jobs=1)]: Done  49 tasks      | elapsed:    4.6s
[Parallel(n_jobs=1)]: Done 199 tasks      | elapsed:   18.7s
[Parallel(n_jobs=1)]: Done  49 tasks      | elapsed:    0.1s
[Parallel(n_jobs=1)]: Done 199 tasks      | elapsed:    0.3s
[Parallel(n_jobs=1)]: Done  49 tasks      | elapsed:    4.6s
[Parallel(n_jobs=1)]: Done 199 tasks      | elapsed:   18.8s
[Parallel(n_jobs=1)]: Done  49 tasks      | elapsed:    0.1s
[Parallel(n_jobs=1)]: Done 199 tasks      | elapsed:    0.3s
[Parallel(n_jobs=1)]: Done  49 tasks      | elapsed:  2.5min
[Parallel(n_jobs=1)]: Done 199 tasks      | elapsed: 10.1min
[Parallel(n_jobs=1)]: Done  49 tasks      | elapsed:    4.7s
[Parallel(n_jobs=1)]: Done 199 tasks      | elapsed:   18.9s
[Parallel(n_jobs=1)]: Done  49 tasks      | elapsed:    0.1s
[Parallel(n_jobs=1)]: Done 199 tasks      | elapsed:    0.3s
[Parallel(n_jobs=1)]: Done  49 tasks      | elapsed:    4.7s
[Parallel(n_jobs=1)]: Done 199 tasks      | elapsed:   18.9s
[Parallel(n_jobs=1)]: Done  49 tasks      | elapsed:    0.1s
[Parallel(n_jobs=1)]: Done 199 tasks      | elapsed:    0.3s
[Parallel(n_jobs=1)]: Done  49 tasks      | elapsed:  2.5min
[Parallel(n_jobs=1)]: Done 199 tasks      | elapsed: 10.1min
[Parallel(n_jobs=1)]: Done  49 tasks      | elapsed:    4.7s
[Parallel(n_jobs=1)]: Done 199 tasks      | elapsed:   19.0s
[Parallel(n_jobs=1)]: Done  49 tasks      | elapsed:    0.1s
[Parallel(n_jobs=1)]: Done 199 tasks      | elapsed:    0.4s
[Parallel(n_jobs=1)]: Done  49 tasks      | elapsed:    4.7s
[Parallel(n_jobs=1)]: Done 199 tasks      | elapsed:   19.0s
[Parallel(n_jobs=1)]: Done  49 tasks      | elapsed:    0.1s
[Parallel(n_jobs=1)]: Done 199 tasks      | elapsed:    0.4s
[Parallel(n_jobs=1)]: Done  49 tasks      | elapsed:  2.5min
[Parallel(n_jobs=1)]: Done 199 tasks      | elapsed: 10.0min
[Parallel(n_jobs=1)]: Done  49 tasks      | elapsed:    4.6s
[Parallel(n_jobs=1)]: Done 199 tasks      | elapsed:   18.9s
[Parallel(n_jobs=1)]: Done  49 tasks      | elapsed:    0.1s
[Parallel(n_jobs=1)]: Done 199 tasks      | elapsed:    0.4s
[Parallel(n_jobs=1)]: Done  49 tasks      | elapsed:    4.6s
[Parallel(n_jobs=1)]: Done 199 tasks      | elapsed:   18.8s
[Parallel(n_jobs=1)]: Done  49 tasks      | elapsed:    0.1s
[Parallel(n_jobs=1)]: Done 199 tasks      | elapsed:    0.4s
[Parallel(n_jobs=1)]: Done  49 tasks      | elapsed:  2.4min
[Parallel(n_jobs=1)]: Done 199 tasks      | elapsed: 10.0min
[Parallel(n_jobs=1)]: Done  49 tasks      | elapsed:    4.6s
[Parallel(n_jobs=1)]: Done 199 tasks      | elapsed:   18.6s
[Parallel(n_jobs=1)]: Done  49 tasks      | elapsed:    0.1s
[Parallel(n_jobs=1)]: Done 199 tasks      | elapsed:    0.3s
[Parallel(n_jobs=1)]: Done  49 tasks      | elapsed:    4.6s
[Parallel(n_jobs=1)]: Done 199 tasks      | elapsed:   18.6s
[Parallel(n_jobs=1)]: Done  49 tasks      | elapsed:    0.1s
[Parallel(n_jobs=1)]: Done 199 tasks      | elapsed:    0.3s
[Parallel(n_jobs=1)]: Done  49 tasks      | elapsed:  2.5min
[Parallel(n_jobs=1)]: Done 199 tasks      | elapsed:  9.9min
[Parallel(n_jobs=1)]: Done  49 tasks      | elapsed:    4.6s
[Parallel(n_jobs=1)]: Done 199 tasks      | elapsed:   18.5s
[Parallel(n_jobs=1)]: Done  49 tasks      | elapsed:    0.1s
[Parallel(n_jobs=1)]: Done 199 tasks      | elapsed:    0.3s
[Parallel(n_jobs=1)]: Done  49 tasks      | elapsed:    4.6s
[Parallel(n_jobs=1)]: Done 199 tasks      | elapsed:   18.5s
[Parallel(n_jobs=1)]: Done  49 tasks      | elapsed:    0.1s
[Parallel(n_jobs=1)]: Done 199 tasks      | elapsed:    0.3s
[Parallel(n_jobs=1)]: Done  49 tasks      | elapsed:  2.5min
[Parallel(n_jobs=1)]: Done 199 tasks      | elapsed: 10.0min
[Parallel(n_jobs=1)]: Done  49 tasks      | elapsed:    4.4s
[Parallel(n_jobs=1)]: Done 199 tasks      | elapsed:   18.0s
[Parallel(n_jobs=1)]: Done  49 tasks      | elapsed:    0.1s
[Parallel(n_jobs=1)]: Done 199 tasks      | elapsed:    0.4s
[Parallel(n_jobs=1)]: Done  49 tasks      | elapsed:    4.4s
[Parallel(n_jobs=1)]: Done 199 tasks      | elapsed:   18.0s
[Parallel(n_jobs=1)]: Done  49 tasks      | elapsed:    0.1s
[Parallel(n_jobs=1)]: Done 199 tasks      | elapsed:    0.4s
[Parallel(n_jobs=1)]: Done  49 tasks      | elapsed:  2.5min
[Parallel(n_jobs=1)]: Done 199 tasks      | elapsed: 10.2min
[Parallel(n_jobs=1)]: Done  49 tasks      | elapsed:    4.6s
[Parallel(n_jobs=1)]: Done 199 tasks      | elapsed:   18.7s
[Parallel(n_jobs=1)]: Done  49 tasks      | elapsed:    0.1s
[Parallel(n_jobs=1)]: Done 199 tasks      | elapsed:    0.3s
[Parallel(n_jobs=1)]: Done  49 tasks      | elapsed:    4.6s
[Parallel(n_jobs=1)]: Done 199 tasks      | elapsed:   18.6s
[Parallel(n_jobs=1)]: Done  49 tasks      | elapsed:    0.1s
[Parallel(n_jobs=1)]: Done 199 tasks      | elapsed:    0.3s
[Parallel(n_jobs=1)]: Done  49 tasks      | elapsed:  2.5min
[Parallel(n_jobs=1)]: Done 199 tasks      | elapsed: 10.2min
[Parallel(n_jobs=1)]: Done  49 tasks      | elapsed:    4.6s
[Parallel(n_jobs=1)]: Done 199 tasks      | elapsed:   18.8s
[Parallel(n_jobs=1)]: Done  49 tasks      | elapsed:    0.1s
[Parallel(n_jobs=1)]: Done 199 tasks      | elapsed:    0.4s
[Parallel(n_jobs=1)]: Done  49 tasks      | elapsed:    4.6s
[Parallel(n_jobs=1)]: Done 199 tasks      | elapsed:   18.8s
[Parallel(n_jobs=1)]: Done  49 tasks      | elapsed:    0.1s
[Parallel(n_jobs=1)]: Done 199 tasks      | elapsed:    0.4s
[Parallel(n_jobs=1)]: Done  49 tasks      | elapsed:  2.5min
[Parallel(n_jobs=1)]: Done 199 tasks      | elapsed: 10.1min
[Parallel(n_jobs=1)]: Done  49 tasks      | elapsed:    4.7s
[Parallel(n_jobs=1)]: Done 199 tasks      | elapsed:   19.0s
[Parallel(n_jobs=1)]: Done  49 tasks      | elapsed:    0.1s
[Parallel(n_jobs=1)]: Done 199 tasks      | elapsed:    0.2s
[Parallel(n_jobs=1)]: Done  49 tasks      | elapsed:    4.7s
[Parallel(n_jobs=1)]: Done 199 tasks      | elapsed:   19.0s
[Parallel(n_jobs=1)]: Done  49 tasks      | elapsed:    0.1s
[Parallel(n_jobs=1)]: Done 199 tasks      | elapsed:    0.2s
[Parallel(n_jobs=1)]: Done  49 tasks      | elapsed:  2.5min
[Parallel(n_jobs=1)]: Done 199 tasks      | elapsed: 10.1min
[Parallel(n_jobs=1)]: Done  49 tasks      | elapsed:    4.7s
[Parallel(n_jobs=1)]: Done 199 tasks      | elapsed:   19.1s
[Parallel(n_jobs=1)]: Done  49 tasks      | elapsed:    0.1s
[Parallel(n_jobs=1)]: Done 199 tasks      | elapsed:    0.3s
[Parallel(n_jobs=1)]: Done  49 tasks      | elapsed:    4.7s
[Parallel(n_jobs=1)]: Done 199 tasks      | elapsed:   19.1s
[Parallel(n_jobs=1)]: Done  49 tasks      | elapsed:    0.1s
[Parallel(n_jobs=1)]: Done 199 tasks      | elapsed:    0.3s
[Parallel(n_jobs=1)]: Done  49 tasks      | elapsed:  2.5min
[Parallel(n_jobs=1)]: Done 199 tasks      | elapsed: 10.1min
[Parallel(n_jobs=1)]: Done  49 tasks      | elapsed:    4.6s
[Parallel(n_jobs=1)]: Done 199 tasks      | elapsed:   18.7s
[Parallel(n_jobs=1)]: Done  49 tasks      | elapsed:    0.1s
[Parallel(n_jobs=1)]: Done 199 tasks      | elapsed:    0.5s
[Parallel(n_jobs=1)]: Done  49 tasks      | elapsed:    4.6s
[Parallel(n_jobs=1)]: Done 199 tasks      | elapsed:   18.7s
[Parallel(n_jobs=1)]: Done  49 tasks      | elapsed:    0.1s
[Parallel(n_jobs=1)]: Done 199 tasks      | elapsed:    0.5s
[Parallel(n_jobs=1)]: Done  49 tasks      | elapsed:  2.5min
[Parallel(n_jobs=1)]: Done 199 tasks      | elapsed: 10.1min
[Parallel(n_jobs=1)]: Done 449 tasks      | elapsed: 22.8min
[Parallel(n_jobs=1)]: Done  49 tasks      | elapsed:    4.7s
[Parallel(n_jobs=1)]: Done 199 tasks      | elapsed:   19.0s
[Parallel(n_jobs=1)]: Done 449 tasks      | elapsed:   42.9s
[Parallel(n_jobs=1)]: Done  49 tasks      | elapsed:    0.1s
[Parallel(n_jobs=1)]: Done 199 tasks      | elapsed:    0.3s
[Parallel(n_jobs=1)]: Done 449 tasks      | elapsed:    0.8s
[Parallel(n_jobs=1)]: Done  49 tasks      | elapsed:    4.7s
[Parallel(n_jobs=1)]: Done 199 tasks      | elapsed:   19.0s
[Parallel(n_jobs=1)]: Done 449 tasks      | elapsed:   42.9s
[Parallel(n_jobs=1)]: Done  49 tasks      | elapsed:    0.1s
[Parallel(n_jobs=1)]: Done 199 tasks      | elapsed:    0.3s
[Parallel(n_jobs=1)]: Done 449 tasks      | elapsed:    0.8s
[Parallel(n_jobs=1)]: Done  49 tasks      | elapsed:  2.5min
[Parallel(n_jobs=1)]: Done 199 tasks      | elapsed: 10.1min
[Parallel(n_jobs=1)]: Done 449 tasks      | elapsed: 22.7min
[Parallel(n_jobs=1)]: Done  49 tasks      | elapsed:    4.6s
[Parallel(n_jobs=1)]: Done 199 tasks      | elapsed:   18.8s
[Parallel(n_jobs=1)]: Done 449 tasks      | elapsed:   42.5s
[Parallel(n_jobs=1)]: Done  49 tasks      | elapsed:    0.1s
[Parallel(n_jobs=1)]: Done 199 tasks      | elapsed:    0.4s
[Parallel(n_jobs=1)]: Done 449 tasks      | elapsed:    0.8s
[Parallel(n_jobs=1)]: Done  49 tasks      | elapsed:    4.6s
[Parallel(n_jobs=1)]: Done 199 tasks      | elapsed:   18.9s
[Parallel(n_jobs=1)]: Done 449 tasks      | elapsed:   42.5s
[Parallel(n_jobs=1)]: Done  49 tasks      | elapsed:    0.1s
[Parallel(n_jobs=1)]: Done 199 tasks      | elapsed:    0.4s
[Parallel(n_jobs=1)]: Done 449 tasks      | elapsed:    0.8s
[Parallel(n_jobs=1)]: Done  49 tasks      | elapsed:  2.5min
[Parallel(n_jobs=1)]: Done 199 tasks      | elapsed: 10.1min
[Parallel(n_jobs=1)]: Done 449 tasks      | elapsed: 22.7min
[Parallel(n_jobs=1)]: Done  49 tasks      | elapsed:    4.4s
[Parallel(n_jobs=1)]: Done 199 tasks      | elapsed:   18.0s
[Parallel(n_jobs=1)]: Done 449 tasks      | elapsed:   40.5s
[Parallel(n_jobs=1)]: Done  49 tasks      | elapsed:    0.1s
[Parallel(n_jobs=1)]: Done 199 tasks      | elapsed:    0.5s
[Parallel(n_jobs=1)]: Done 449 tasks      | elapsed:    1.1s
[Parallel(n_jobs=1)]: Done  49 tasks      | elapsed:    4.5s
[Parallel(n_jobs=1)]: Done 199 tasks      | elapsed:   18.1s
[Parallel(n_jobs=1)]: Done 449 tasks      | elapsed:   40.7s
[Parallel(n_jobs=1)]: Done  49 tasks      | elapsed:    0.1s
[Parallel(n_jobs=1)]: Done 199 tasks      | elapsed:    0.5s
[Parallel(n_jobs=1)]: Done 449 tasks      | elapsed:    1.1s
[Parallel(n_jobs=1)]: Done  49 tasks      | elapsed:  2.5min
[Parallel(n_jobs=1)]: Done 199 tasks      | elapsed: 10.1min
[Parallel(n_jobs=1)]: Done 449 tasks      | elapsed: 22.8min
[Parallel(n_jobs=1)]: Done  49 tasks      | elapsed:    4.6s
[Parallel(n_jobs=1)]: Done 199 tasks      | elapsed:   18.8s
[Parallel(n_jobs=1)]: Done 449 tasks      | elapsed:   42.4s
[Parallel(n_jobs=1)]: Done  49 tasks      | elapsed:    0.1s
[Parallel(n_jobs=1)]: Done 199 tasks      | elapsed:    0.4s
[Parallel(n_jobs=1)]: Done 449 tasks      | elapsed:    0.8s
[Parallel(n_jobs=1)]: Done  49 tasks      | elapsed:    4.6s
[Parallel(n_jobs=1)]: Done 199 tasks      | elapsed:   18.8s
[Parallel(n_jobs=1)]: Done 449 tasks      | elapsed:   42.4s
[Parallel(n_jobs=1)]: Done  49 tasks      | elapsed:    0.1s
[Parallel(n_jobs=1)]: Done 199 tasks      | elapsed:    0.4s
[Parallel(n_jobs=1)]: Done 449 tasks      | elapsed:    0.8s
[Parallel(n_jobs=1)]: Done  49 tasks      | elapsed:  2.5min
[Parallel(n_jobs=1)]: Done 199 tasks      | elapsed: 10.1min
[Parallel(n_jobs=1)]: Done 449 tasks      | elapsed: 22.7min
[Parallel(n_jobs=1)]: Done  49 tasks      | elapsed:    4.7s
[Parallel(n_jobs=1)]: Done 199 tasks      | elapsed:   19.1s
[Parallel(n_jobs=1)]: Done 449 tasks      | elapsed:   43.0s
[Parallel(n_jobs=1)]: Done  49 tasks      | elapsed:    0.1s
[Parallel(n_jobs=1)]: Done 199 tasks      | elapsed:    0.3s
[Parallel(n_jobs=1)]: Done 449 tasks      | elapsed:    0.8s
[Parallel(n_jobs=1)]: Done  49 tasks      | elapsed:    4.7s
[Parallel(n_jobs=1)]: Done 199 tasks      | elapsed:   19.1s
[Parallel(n_jobs=1)]: Done 449 tasks      | elapsed:   43.0s
[Parallel(n_jobs=1)]: Done  49 tasks      | elapsed:    0.1s
[Parallel(n_jobs=1)]: Done 199 tasks      | elapsed:    0.3s
[Parallel(n_jobs=1)]: Done 449 tasks      | elapsed:    0.8s
[Parallel(n_jobs=1)]: Done  49 tasks      | elapsed:  2.4min
[Parallel(n_jobs=1)]: Done 199 tasks      | elapsed: 10.0min
[Parallel(n_jobs=1)]: Done 449 tasks      | elapsed: 22.6min
[Parallel(n_jobs=1)]: Done  49 tasks      | elapsed:    4.5s
[Parallel(n_jobs=1)]: Done 199 tasks      | elapsed:   18.2s
[Parallel(n_jobs=1)]: Done 449 tasks      | elapsed:   41.2s
[Parallel(n_jobs=1)]: Done  49 tasks      | elapsed:    0.1s
[Parallel(n_jobs=1)]: Done 199 tasks      | elapsed:    0.2s
[Parallel(n_jobs=1)]: Done 449 tasks      | elapsed:    0.5s
[Parallel(n_jobs=1)]: Done  49 tasks      | elapsed:    4.5s
[Parallel(n_jobs=1)]: Done 199 tasks      | elapsed:   18.2s
[Parallel(n_jobs=1)]: Done 449 tasks      | elapsed:   41.1s
[Parallel(n_jobs=1)]: Done  49 tasks      | elapsed:    0.1s
[Parallel(n_jobs=1)]: Done 199 tasks      | elapsed:    0.2s
[Parallel(n_jobs=1)]: Done 449 tasks      | elapsed:    0.5s
[Parallel(n_jobs=1)]: Done  49 tasks      | elapsed:  2.5min
[Parallel(n_jobs=1)]: Done 199 tasks      | elapsed: 10.0min
[Parallel(n_jobs=1)]: Done 449 tasks      | elapsed: 22.6min
[Parallel(n_jobs=1)]: Done  49 tasks      | elapsed:    4.6s
[Parallel(n_jobs=1)]: Done 199 tasks      | elapsed:   18.6s
[Parallel(n_jobs=1)]: Done 449 tasks      | elapsed:   41.9s
[Parallel(n_jobs=1)]: Done  49 tasks      | elapsed:    0.1s
[Parallel(n_jobs=1)]: Done 199 tasks      | elapsed:    0.3s
[Parallel(n_jobs=1)]: Done 449 tasks      | elapsed:    0.7s
[Parallel(n_jobs=1)]: Done  49 tasks      | elapsed:    4.6s
[Parallel(n_jobs=1)]: Done 199 tasks      | elapsed:   18.6s
[Parallel(n_jobs=1)]: Done 449 tasks      | elapsed:   42.0s
[Parallel(n_jobs=1)]: Done  49 tasks      | elapsed:    0.1s
[Parallel(n_jobs=1)]: Done 199 tasks      | elapsed:    0.3s
[Parallel(n_jobs=1)]: Done 449 tasks      | elapsed:    0.7s
[Parallel(n_jobs=1)]: Done  49 tasks      | elapsed:  2.5min
[Parallel(n_jobs=1)]: Done 199 tasks      | elapsed: 10.0min
[Parallel(n_jobs=1)]: Done 449 tasks      | elapsed: 22.7min
[Parallel(n_jobs=1)]: Done  49 tasks      | elapsed:    4.4s
[Parallel(n_jobs=1)]: Done 199 tasks      | elapsed:   17.8s
[Parallel(n_jobs=1)]: Done 449 tasks      | elapsed:   40.0s
[Parallel(n_jobs=1)]: Done  49 tasks      | elapsed:    0.1s
[Parallel(n_jobs=1)]: Done 199 tasks      | elapsed:    0.3s
[Parallel(n_jobs=1)]: Done 449 tasks      | elapsed:    0.7s
[Parallel(n_jobs=1)]: Done  49 tasks      | elapsed:    4.4s
[Parallel(n_jobs=1)]: Done 199 tasks      | elapsed:   17.7s
[Parallel(n_jobs=1)]: Done 449 tasks      | elapsed:   39.9s
[Parallel(n_jobs=1)]: Done  49 tasks      | elapsed:    0.1s
[Parallel(n_jobs=1)]: Done 199 tasks      | elapsed:    0.3s
[Parallel(n_jobs=1)]: Done 449 tasks      | elapsed:    0.7s
[Parallel(n_jobs=1)]: Done  49 tasks      | elapsed:  2.5min
[Parallel(n_jobs=1)]: Done 199 tasks      | elapsed: 10.1min
[Parallel(n_jobs=1)]: Done 449 tasks      | elapsed: 22.9min
[Parallel(n_jobs=1)]: Done  49 tasks      | elapsed:    4.5s
[Parallel(n_jobs=1)]: Done 199 tasks      | elapsed:   18.4s
[Parallel(n_jobs=1)]: Done 449 tasks      | elapsed:   41.6s
[Parallel(n_jobs=1)]: Done  49 tasks      | elapsed:    0.1s
[Parallel(n_jobs=1)]: Done 199 tasks      | elapsed:    0.5s
[Parallel(n_jobs=1)]: Done 449 tasks      | elapsed:    1.0s
[Parallel(n_jobs=1)]: Done  49 tasks      | elapsed:    4.5s
[Parallel(n_jobs=1)]: Done 199 tasks      | elapsed:   18.5s
[Parallel(n_jobs=1)]: Done 449 tasks      | elapsed:   41.6s
[Parallel(n_jobs=1)]: Done  49 tasks      | elapsed:    0.1s
[Parallel(n_jobs=1)]: Done 199 tasks      | elapsed:    0.5s
[Parallel(n_jobs=1)]: Done 449 tasks      | elapsed:    1.0s
[Parallel(n_jobs=1)]: Done  49 tasks      | elapsed:  2.5min
[Parallel(n_jobs=1)]: Done 199 tasks      | elapsed: 10.1min
[Parallel(n_jobs=1)]: Done 449 tasks      | elapsed: 22.6min
[Parallel(n_jobs=1)]: Done  49 tasks      | elapsed:    4.6s
[Parallel(n_jobs=1)]: Done 199 tasks      | elapsed:   18.9s
[Parallel(n_jobs=1)]: Done 449 tasks      | elapsed:   42.5s
[Parallel(n_jobs=1)]: Done  49 tasks      | elapsed:    0.1s
[Parallel(n_jobs=1)]: Done 199 tasks      | elapsed:    0.4s
[Parallel(n_jobs=1)]: Done 449 tasks      | elapsed:    0.9s
[Parallel(n_jobs=1)]: Done  49 tasks      | elapsed:    4.6s
[Parallel(n_jobs=1)]: Done 199 tasks      | elapsed:   18.9s
[Parallel(n_jobs=1)]: Done 449 tasks      | elapsed:   42.5s
[Parallel(n_jobs=1)]: Done  49 tasks      | elapsed:    0.1s
[Parallel(n_jobs=1)]: Done 199 tasks      | elapsed:    0.4s
[Parallel(n_jobs=1)]: Done 449 tasks      | elapsed:    0.9s
[Parallel(n_jobs=1)]: Done  49 tasks      | elapsed:  2.5min
[Parallel(n_jobs=1)]: Done 199 tasks      | elapsed: 10.1min
[Parallel(n_jobs=1)]: Done 449 tasks      | elapsed: 22.7min
[Parallel(n_jobs=1)]: Done  49 tasks      | elapsed:    4.6s
[Parallel(n_jobs=1)]: Done 199 tasks      | elapsed:   18.5s
[Parallel(n_jobs=1)]: Done 449 tasks      | elapsed:   41.8s
[Parallel(n_jobs=1)]: Done  49 tasks      | elapsed:    0.1s
[Parallel(n_jobs=1)]: Done 199 tasks      | elapsed:    0.4s
[Parallel(n_jobs=1)]: Done 449 tasks      | elapsed:    0.9s
[Parallel(n_jobs=1)]: Done  49 tasks      | elapsed:    4.6s
[Parallel(n_jobs=1)]: Done 199 tasks      | elapsed:   18.5s
[Parallel(n_jobs=1)]: Done 449 tasks      | elapsed:   41.7s
[Parallel(n_jobs=1)]: Done  49 tasks      | elapsed:    0.1s
[Parallel(n_jobs=1)]: Done 199 tasks      | elapsed:    0.4s
[Parallel(n_jobs=1)]: Done 449 tasks      | elapsed:    0.8s
[Parallel(n_jobs=1)]: Done  49 tasks      | elapsed:  2.5min
[Parallel(n_jobs=1)]: Done 199 tasks      | elapsed: 10.1min
[Parallel(n_jobs=1)]: Done 449 tasks      | elapsed: 22.7min
[Parallel(n_jobs=1)]: Done  49 tasks      | elapsed:    4.7s
[Parallel(n_jobs=1)]: Done 199 tasks      | elapsed:   19.1s
[Parallel(n_jobs=1)]: Done 449 tasks      | elapsed:   43.2s
[Parallel(n_jobs=1)]: Done  49 tasks      | elapsed:    0.1s
[Parallel(n_jobs=1)]: Done 199 tasks      | elapsed:    0.4s
[Parallel(n_jobs=1)]: Done 449 tasks      | elapsed:    0.9s
[Parallel(n_jobs=1)]: Done  49 tasks      | elapsed:    4.7s
[Parallel(n_jobs=1)]: Done 199 tasks      | elapsed:   19.2s
[Parallel(n_jobs=1)]: Done 449 tasks      | elapsed:   43.2s
[Parallel(n_jobs=1)]: Done  49 tasks      | elapsed:    0.1s
[Parallel(n_jobs=1)]: Done 199 tasks      | elapsed:    0.4s
[Parallel(n_jobs=1)]: Done 449 tasks      | elapsed:    0.9s
[Parallel(n_jobs=1)]: Done  49 tasks      | elapsed:  2.5min
[Parallel(n_jobs=1)]: Done 199 tasks      | elapsed: 10.2min
[Parallel(n_jobs=1)]: Done 449 tasks      | elapsed: 23.1min
[Parallel(n_jobs=1)]: Done  49 tasks      | elapsed:    4.7s
[Parallel(n_jobs=1)]: Done 199 tasks      | elapsed:   18.8s
[Parallel(n_jobs=1)]: Done 449 tasks      | elapsed:   42.5s
[Parallel(n_jobs=1)]: Done  49 tasks      | elapsed:    0.1s
[Parallel(n_jobs=1)]: Done 199 tasks      | elapsed:    0.3s
[Parallel(n_jobs=1)]: Done 449 tasks      | elapsed:    0.7s
[Parallel(n_jobs=1)]: Done  49 tasks      | elapsed:    4.6s
[Parallel(n_jobs=1)]: Done 199 tasks      | elapsed:   18.8s
[Parallel(n_jobs=1)]: Done 449 tasks      | elapsed:   42.5s
[Parallel(n_jobs=1)]: Done  49 tasks      | elapsed:    0.1s
[Parallel(n_jobs=1)]: Done 199 tasks      | elapsed:    0.3s
[Parallel(n_jobs=1)]: Done 449 tasks      | elapsed:    0.7s
[Parallel(n_jobs=1)]: Done  49 tasks      | elapsed:  2.4min
[Parallel(n_jobs=1)]: Done 199 tasks      | elapsed:  9.9min
[Parallel(n_jobs=1)]: Done 449 tasks      | elapsed: 22.4min
[Parallel(n_jobs=1)]: Done  49 tasks      | elapsed:    4.6s
[Parallel(n_jobs=1)]: Done 199 tasks      | elapsed:   18.7s
[Parallel(n_jobs=1)]: Done 449 tasks      | elapsed:   42.2s
[Parallel(n_jobs=1)]: Done  49 tasks      | elapsed:    0.1s
[Parallel(n_jobs=1)]: Done 199 tasks      | elapsed:    0.5s
[Parallel(n_jobs=1)]: Done 449 tasks      | elapsed:    1.1s
[Parallel(n_jobs=1)]: Done  49 tasks      | elapsed:    4.6s
[Parallel(n_jobs=1)]: Done 199 tasks      | elapsed:   18.7s
[Parallel(n_jobs=1)]: Done 449 tasks      | elapsed:   42.1s
[Parallel(n_jobs=1)]: Done  49 tasks      | elapsed:    0.1s
[Parallel(n_jobs=1)]: Done 199 tasks      | elapsed:    0.5s
[Parallel(n_jobs=1)]: Done 449 tasks      | elapsed:    1.1s
[Parallel(n_jobs=1)]: Done  49 tasks      | elapsed:  2.5min
[Parallel(n_jobs=1)]: Done 199 tasks      | elapsed: 10.1min
[Parallel(n_jobs=1)]: Done 449 tasks      | elapsed: 22.9min
[Parallel(n_jobs=1)]: Done  49 tasks      | elapsed:    4.6s
[Parallel(n_jobs=1)]: Done 199 tasks      | elapsed:   18.8s
[Parallel(n_jobs=1)]: Done 449 tasks      | elapsed:   42.3s
[Parallel(n_jobs=1)]: Done  49 tasks      | elapsed:    0.1s
[Parallel(n_jobs=1)]: Done 199 tasks      | elapsed:    0.4s
[Parallel(n_jobs=1)]: Done 449 tasks      | elapsed:    1.0s
[Parallel(n_jobs=1)]: Done  49 tasks      | elapsed:    4.6s
[Parallel(n_jobs=1)]: Done 199 tasks      | elapsed:   18.8s
[Parallel(n_jobs=1)]: Done 449 tasks      | elapsed:   42.3s
[Parallel(n_jobs=1)]: Done  49 tasks      | elapsed:    0.1s
[Parallel(n_jobs=1)]: Done 199 tasks      | elapsed:    0.4s
[Parallel(n_jobs=1)]: Done 449 tasks      | elapsed:    1.0s
[Parallel(n_jobs=1)]: Done  49 tasks      | elapsed:  2.5min
[Parallel(n_jobs=1)]: Done 199 tasks      | elapsed: 10.0min
[Parallel(n_jobs=1)]: Done 449 tasks      | elapsed: 22.7min
[Parallel(n_jobs=1)]: Done  49 tasks      | elapsed:    4.7s
[Parallel(n_jobs=1)]: Done 199 tasks      | elapsed:   19.2s
[Parallel(n_jobs=1)]: Done 449 tasks      | elapsed:   43.3s
[Parallel(n_jobs=1)]: Done  49 tasks      | elapsed:    0.1s
[Parallel(n_jobs=1)]: Done 199 tasks      | elapsed:    0.4s
[Parallel(n_jobs=1)]: Done 449 tasks      | elapsed:    0.8s
[Parallel(n_jobs=1)]: Done  49 tasks      | elapsed:    4.7s
[Parallel(n_jobs=1)]: Done 199 tasks      | elapsed:   19.2s
[Parallel(n_jobs=1)]: Done 449 tasks      | elapsed:   43.3s
[Parallel(n_jobs=1)]: Done  49 tasks      | elapsed:    0.1s
[Parallel(n_jobs=1)]: Done 199 tasks      | elapsed:    0.4s
[Parallel(n_jobs=1)]: Done 449 tasks      | elapsed:    0.8s
[Parallel(n_jobs=1)]: Done  49 tasks      | elapsed:  2.4min
[Parallel(n_jobs=1)]: Done 199 tasks      | elapsed:  9.9min
[Parallel(n_jobs=1)]: Done 449 tasks      | elapsed: 22.4min
[Parallel(n_jobs=1)]: Done  49 tasks      | elapsed:    4.6s
[Parallel(n_jobs=1)]: Done 199 tasks      | elapsed:   18.5s
[Parallel(n_jobs=1)]: Done 449 tasks      | elapsed:   41.9s
[Parallel(n_jobs=1)]: Done  49 tasks      | elapsed:    0.1s
[Parallel(n_jobs=1)]: Done 199 tasks      | elapsed:    0.4s
[Parallel(n_jobs=1)]: Done 449 tasks      | elapsed:    0.9s
[Parallel(n_jobs=1)]: Done  49 tasks      | elapsed:    4.6s
[Parallel(n_jobs=1)]: Done 199 tasks      | elapsed:   18.5s
[Parallel(n_jobs=1)]: Done 449 tasks      | elapsed:   41.9s
[Parallel(n_jobs=1)]: Done  49 tasks      | elapsed:    0.1s
[Parallel(n_jobs=1)]: Done 199 tasks      | elapsed:    0.4s
[Parallel(n_jobs=1)]: Done 449 tasks      | elapsed:    0.9s
[Parallel(n_jobs=1)]: Done  49 tasks      | elapsed:  2.5min
[Parallel(n_jobs=1)]: Done 199 tasks      | elapsed: 10.2min
[Parallel(n_jobs=1)]: Done 449 tasks      | elapsed: 23.1min
[Parallel(n_jobs=1)]: Done  49 tasks      | elapsed:    4.7s
[Parallel(n_jobs=1)]: Done 199 tasks      | elapsed:   19.1s
[Parallel(n_jobs=1)]: Done 449 tasks      | elapsed:   43.1s
[Parallel(n_jobs=1)]: Done  49 tasks      | elapsed:    0.1s
[Parallel(n_jobs=1)]: Done 199 tasks      | elapsed:    0.2s
[Parallel(n_jobs=1)]: Done 449 tasks      | elapsed:    0.5s
[Parallel(n_jobs=1)]: Done  49 tasks      | elapsed:    4.7s
[Parallel(n_jobs=1)]: Done 199 tasks      | elapsed:   19.1s
[Parallel(n_jobs=1)]: Done 449 tasks      | elapsed:   43.1s
[Parallel(n_jobs=1)]: Done  49 tasks      | elapsed:    0.1s
[Parallel(n_jobs=1)]: Done 199 tasks      | elapsed:    0.2s
[Parallel(n_jobs=1)]: Done 449 tasks      | elapsed:    0.5s
[Parallel(n_jobs=1)]: Done  49 tasks      | elapsed:  2.5min
[Parallel(n_jobs=1)]: Done 199 tasks      | elapsed: 10.1min
[Parallel(n_jobs=1)]: Done 449 tasks      | elapsed: 22.9min
[Parallel(n_jobs=1)]: Done  49 tasks      | elapsed:    4.7s
[Parallel(n_jobs=1)]: Done 199 tasks      | elapsed:   19.1s
[Parallel(n_jobs=1)]: Done 449 tasks      | elapsed:   43.1s
[Parallel(n_jobs=1)]: Done  49 tasks      | elapsed:    0.1s
[Parallel(n_jobs=1)]: Done 199 tasks      | elapsed:    0.3s
[Parallel(n_jobs=1)]: Done 449 tasks      | elapsed:    0.7s
[Parallel(n_jobs=1)]: Done  49 tasks      | elapsed:    4.7s
[Parallel(n_jobs=1)]: Done 199 tasks      | elapsed:   19.1s
[Parallel(n_jobs=1)]: Done 449 tasks      | elapsed:   43.2s
[Parallel(n_jobs=1)]: Done  49 tasks      | elapsed:    0.1s
[Parallel(n_jobs=1)]: Done 199 tasks      | elapsed:    0.3s
[Parallel(n_jobs=1)]: Done 449 tasks      | elapsed:    0.7s
[Parallel(n_jobs=1)]: Done  49 tasks      | elapsed:  2.5min
[Parallel(n_jobs=1)]: Done 199 tasks      | elapsed: 10.1min
[Parallel(n_jobs=1)]: Done 449 tasks      | elapsed: 23.0min
[Parallel(n_jobs=1)]: Done  49 tasks      | elapsed:    4.6s
[Parallel(n_jobs=1)]: Done 199 tasks      | elapsed:   18.9s
[Parallel(n_jobs=1)]: Done 449 tasks      | elapsed:   42.6s
[Parallel(n_jobs=1)]: Done  49 tasks      | elapsed:    0.1s
[Parallel(n_jobs=1)]: Done 199 tasks      | elapsed:    0.3s
[Parallel(n_jobs=1)]: Done 449 tasks      | elapsed:    0.8s
[Parallel(n_jobs=1)]: Done  49 tasks      | elapsed:    4.7s
[Parallel(n_jobs=1)]: Done 199 tasks      | elapsed:   18.9s
[Parallel(n_jobs=1)]: Done 449 tasks      | elapsed:   42.6s
[Parallel(n_jobs=1)]: Done  49 tasks      | elapsed:    0.1s
[Parallel(n_jobs=1)]: Done 199 tasks      | elapsed:    0.3s
[Parallel(n_jobs=1)]: Done 449 tasks      | elapsed:    0.8s
[Parallel(n_jobs=1)]: Done  49 tasks      | elapsed:  2.4min
[Parallel(n_jobs=1)]: Done 199 tasks      | elapsed:  9.9min
[Parallel(n_jobs=1)]: Done 449 tasks      | elapsed: 22.4min
[Parallel(n_jobs=1)]: Done  49 tasks      | elapsed:    4.6s
[Parallel(n_jobs=1)]: Done 199 tasks      | elapsed:   18.6s
[Parallel(n_jobs=1)]: Done 449 tasks      | elapsed:   42.1s
[Parallel(n_jobs=1)]: Done  49 tasks      | elapsed:    0.0s
[Parallel(n_jobs=1)]: Done 199 tasks      | elapsed:    0.2s
[Parallel(n_jobs=1)]: Done 449 tasks      | elapsed:    0.4s
[Parallel(n_jobs=1)]: Done  49 tasks      | elapsed:    4.6s
[Parallel(n_jobs=1)]: Done 199 tasks      | elapsed:   18.6s
[Parallel(n_jobs=1)]: Done 449 tasks      | elapsed:   42.0s
[Parallel(n_jobs=1)]: Done  49 tasks      | elapsed:    0.0s
[Parallel(n_jobs=1)]: Done 199 tasks      | elapsed:    0.2s
[Parallel(n_jobs=1)]: Done 449 tasks      | elapsed:    0.4s
[Parallel(n_jobs=1)]: Done  49 tasks      | elapsed:  2.5min
[Parallel(n_jobs=1)]: Done 199 tasks      | elapsed: 10.1min
[Parallel(n_jobs=1)]: Done 449 tasks      | elapsed: 22.9min
[Parallel(n_jobs=1)]: Done  49 tasks      | elapsed:    4.6s
[Parallel(n_jobs=1)]: Done 199 tasks      | elapsed:   18.7s
[Parallel(n_jobs=1)]: Done 449 tasks      | elapsed:   42.1s
[Parallel(n_jobs=1)]: Done  49 tasks      | elapsed:    0.1s
[Parallel(n_jobs=1)]: Done 199 tasks      | elapsed:    0.3s
[Parallel(n_jobs=1)]: Done 449 tasks      | elapsed:    0.7s
[Parallel(n_jobs=1)]: Done  49 tasks      | elapsed:    4.6s
[Parallel(n_jobs=1)]: Done 199 tasks      | elapsed:   18.7s
[Parallel(n_jobs=1)]: Done 449 tasks      | elapsed:   42.2s
[Parallel(n_jobs=1)]: Done  49 tasks      | elapsed:    0.1s
[Parallel(n_jobs=1)]: Done 199 tasks      | elapsed:    0.3s
[Parallel(n_jobs=1)]: Done 449 tasks      | elapsed:    0.7s
[Parallel(n_jobs=1)]: Done  49 tasks      | elapsed:  2.5min
[Parallel(n_jobs=1)]: Done 199 tasks      | elapsed: 10.1min
[Parallel(n_jobs=1)]: Done 449 tasks      | elapsed: 22.8min
[Parallel(n_jobs=1)]: Done  49 tasks      | elapsed:    4.6s
[Parallel(n_jobs=1)]: Done 199 tasks      | elapsed:   18.9s
[Parallel(n_jobs=1)]: Done 449 tasks      | elapsed:   42.7s
[Parallel(n_jobs=1)]: Done  49 tasks      | elapsed:    0.1s
[Parallel(n_jobs=1)]: Done 199 tasks      | elapsed:    0.3s
[Parallel(n_jobs=1)]: Done 449 tasks      | elapsed:    0.8s
[Parallel(n_jobs=1)]: Done  49 tasks      | elapsed:    4.6s
[Parallel(n_jobs=1)]: Done 199 tasks      | elapsed:   18.9s
[Parallel(n_jobs=1)]: Done 449 tasks      | elapsed:   42.6s
[Parallel(n_jobs=1)]: Done  49 tasks      | elapsed:    0.1s
[Parallel(n_jobs=1)]: Done 199 tasks      | elapsed:    0.3s
[Parallel(n_jobs=1)]: Done 449 tasks      | elapsed:    0.8s
[Parallel(n_jobs=1)]: Done  49 tasks      | elapsed:  2.5min
[Parallel(n_jobs=1)]: Done 199 tasks      | elapsed: 10.0min
[Parallel(n_jobs=1)]: Done 449 tasks      | elapsed: 22.7min
[Parallel(n_jobs=1)]: Done  49 tasks      | elapsed:    4.7s
[Parallel(n_jobs=1)]: Done 199 tasks      | elapsed:   19.0s
[Parallel(n_jobs=1)]: Done 449 tasks      | elapsed:   42.9s
[Parallel(n_jobs=1)]: Done  49 tasks      | elapsed:    0.1s
[Parallel(n_jobs=1)]: Done 199 tasks      | elapsed:    0.4s
[Parallel(n_jobs=1)]: Done 449 tasks      | elapsed:    0.9s
[Parallel(n_jobs=1)]: Done  49 tasks      | elapsed:    4.7s
[Parallel(n_jobs=1)]: Done 199 tasks      | elapsed:   19.0s
[Parallel(n_jobs=1)]: Done 449 tasks      | elapsed:   42.9s
[Parallel(n_jobs=1)]: Done  49 tasks      | elapsed:    0.1s
[Parallel(n_jobs=1)]: Done 199 tasks      | elapsed:    0.4s
[Parallel(n_jobs=1)]: Done 449 tasks      | elapsed:    0.8s
[Parallel(n_jobs=1)]: Done  49 tasks      | elapsed:  2.5min
[Parallel(n_jobs=1)]: Done 199 tasks      | elapsed: 10.0min
