Submitted on Sat Nov  9 14:56:30 PST 2024
JOB PARAMETERS
SLURM_JOB_ID          : 33648
SLURM_JOB_NAME        : taylor_lr_training_job
SLURM_JOB_NUM_NODES   : 1
SLURM_JOB_NODELIST    : saliksik-cpu-26
SLURM_NTASKS          : 12
SLURM_NTASKS_PER_NODE : 
SLURM_MEM_PER_NODE    : 24576
TMPDIR                : /tmp/michael.cueva/SLURM_JOB_ID/33648
Module load: anaconda/3-2023.07-2
Python 3.12.3
/home/michael.cueva/.conda/envs/thesis-writing-1/lib/python3.12/site-packages/sklearn/linear_model/_logistic.py:469: ConvergenceWarning: lbfgs failed to converge (status=1):
STOP: TOTAL NO. of ITERATIONS REACHED LIMIT.

Increase the number of iterations (max_iter) or scale the data as shown in:
    https://scikit-learn.org/stable/modules/preprocessing.html
Please also refer to the documentation for alternative solver options:
    https://scikit-learn.org/stable/modules/linear_model.html#logistic-regression
  n_iter_i = _check_optimize_result(
False
subjects features, labels, names and subject to id lookup loaded
0.5563800216439515 4.934194821328527
{0: 0.5563800216439515, 1: 4.934194821328527}
<class 'float'>
{'C': 0.1, 'class_weight': {0: 0.5563800216439515, 1: 4.934194821328527}}
Index(['raw_128hz_min', 'raw_128hz_amp', 'raw_128hz_std', 'raw_128hz_1d_max',
       'raw_128hz_1d_min', 'raw_128hz_1d_amp', 'raw_128hz_1d_std',
       'raw_128hz_1d_avg_abs', 'raw_128hz_2d_avg_abs', 'filt_128hz_min',
       'filt_128hz_std', 'filt_128hz_range', 'filt_128hz_1d_min',
       'filt_128hz_1d_std', 'filt_128hz_1d_range', 'third_16thofa_sec_max',
       'first_16thofa_sec_mean', 'third_16thofa_sec_mean',
       'second_16thofa_sec_std', 'third_16thofa_sec_std',
       'first_16thofa_sec_median', 'first_32thofa_sec_mean',
       'second_32thofa_sec_mean', 'first_32thofa_sec_std',
       'second_32thofa_sec_std', 'raw_16hz_min', 'raw_16hz_std',
       'raw_16hz_1d_min', 'filt_16hz_min', 'filt_16hz_std', 'filt_16hz_range',
       'filt_16hz_1d_std', 'filt_16hz_1d_range', 'first_2thofa_sec_max',
       'second_2thofa_sec_max', 'third_2thofa_sec_max',
       'second_2thofa_sec_mean', 'second_2thofa_sec_median',
       'second_4thofa_sec_max', 'second_4thofa_sec_std'],
      dtype='object')
Index(['0'], dtype='object')
lr score: 0.870818286611359
 This problem is unconstrained.
RUNNING THE L-BFGS-B CODE

           * * *

Machine precision = 2.220D-16
 N =           41     M =           10

At X0         0 variables are exactly at the bounds

At iterate    0    f=  6.93147D-01    |proj g|=  5.40003D-02

At iterate   50    f=  5.58961D-01    |proj g|=  1.83196D-02

At iterate  100    f=  5.56624D-01    |proj g|=  2.95180D-03

           * * *

Tit   = total number of iterations
Tnf   = total number of function evaluations
Tnint = total number of segments explored during Cauchy searches
Skip  = number of BFGS updates skipped
Nact  = number of active bounds at final generalized Cauchy point
Projg = norm of the final projected gradient
F     = final function value

           * * *

   N    Tit     Tnf  Tnint  Skip  Nact     Projg        F
   41    100    118      1     0     0   2.952D-03   5.566D-01
  F =  0.55662395128930908     

STOP: TOTAL NO. of ITERATIONS REACHED LIMIT                 
Finished on Sat Nov  9 14:56:58 PST 2024
Total runtime (sec): 28.620298624038696
