Submitted on Fri Nov  8 12:11:14 PST 2024
JOB PARAMETERS
SLURM_JOB_ID          : 33519
SLURM_JOB_NAME        : taylor_svm_training_job
SLURM_JOB_NUM_NODES   : 1
SLURM_JOB_NODELIST    : saliksik-cpu-18
SLURM_NTASKS          : 64
SLURM_NTASKS_PER_NODE : 
SLURM_MEM_PER_NODE    : 102400
TMPDIR                : /tmp/michael.cueva/SLURM_JOB_ID/33519
Module load: anaconda/3-2023.07-2
Python 3.12.3
.................................................................................................................................................................................................................................................................................................................................................................................
Warning: using -h 0 may be faster
*...............................................................................*..........................................................................................................................................................*..................................................*
optimization finished, #iter = 651672
obj = -2821367.954713, rho = 3.294122
nSV = 162123, nBSV = 146340
Total nSV = 162123
...............................................................................................................................................................